<?xml version="1.0" encoding="UTF-8"?>
<testsuite xmlns:xsi="http://www.w3.org/2001/XMLSchema-instance" xsi:noNamespaceSchemaLocation="https://maven.apache.org/surefire/maven-surefire-plugin/xsd/surefire-test-report.xsd" version="3.0.2" name="ing.gpps.main.DemoApplicationTests" time="8.701" tests="1" errors="0" skipped="0" failures="0">
  <properties>
[...]
</properties>
  <testcase name="contextLoads" classname="ing.gpps.main.DemoApplicationTests" time="0.381">
    <system-out><![CDATA[04:26:09.893 [main] INFO org.springframework.test.context.support.AnnotationConfigContextLoaderUtils -- Could not detect default configuration classes for test class [ing.gpps.main.DemoApplicationTests]: DemoApplicationTests does not declare any static, non-private, non-final, nested classes annotated with @Configuration.
04:26:10.122 [main] INFO org.springframework.boot.test.context.SpringBootTestContextBootstrapper -- Found @SpringBootConfiguration ing.gpps.DemoApplication for test class ing.gpps.main.DemoApplicationTests

  .   ____          _            __ _ _
 /\\ / ___'_ __ _ _(_)_ __  __ _ \ \ \ \
( ( )\___ | '_ | '_| | '_ \/ _` | \ \ \ \
 \\/  ___)| |_)| | | | | || (_| |  ) ) ) )
  '  |____| .__|_| |_|_| |_\__, | / / / /
 =========|_|==============|___/=/_/_/_/

 :: Spring Boot ::                (v3.4.5)

2025-06-06T04:26:10.638-03:00  INFO 38624 --- [           main] ing.gpps.main.DemoApplicationTests       : Starting DemoApplicationTests using Java 21.0.7 with PID 38624 (started by porre in C:\Users\porre\Downloads\gpps-main2.0\gpps-main2.0)
2025-06-06T04:26:10.640-03:00  INFO 38624 --- [           main] ing.gpps.main.DemoApplicationTests       : No active profile set, falling back to 1 default profile: "default"
2025-06-06T04:26:10.684-03:00 DEBUG 38624 --- [           main] o.s.w.c.s.GenericWebApplicationContext   : Refreshing org.springframework.web.context.support.GenericWebApplicationContext@6f330eb9
2025-06-06T04:26:11.702-03:00  INFO 38624 --- [           main] .s.d.r.c.RepositoryConfigurationDelegate : Bootstrapping Spring Data JPA repositories in DEFAULT mode.
2025-06-06T04:26:11.792-03:00  INFO 38624 --- [           main] .s.d.r.c.RepositoryConfigurationDelegate : Finished Spring Data repository scanning in 79 ms. Found 8 JPA repository interfaces.
2025-06-06T04:26:12.513-03:00  INFO 38624 --- [           main] o.hibernate.jpa.internal.util.LogHelper  : HHH000204: Processing PersistenceUnitInfo [name: default]
2025-06-06T04:26:12.628-03:00  INFO 38624 --- [           main] org.hibernate.Version                    : HHH000412: Hibernate ORM core version 6.6.13.Final
2025-06-06T04:26:12.693-03:00  INFO 38624 --- [           main] o.h.c.internal.RegionFactoryInitiator    : HHH000026: Second-level cache disabled
2025-06-06T04:26:13.077-03:00  INFO 38624 --- [           main] o.s.o.j.p.SpringPersistenceUnitInfo      : No LoadTimeWeaver setup: ignoring JPA class transformer
2025-06-06T04:26:13.130-03:00  INFO 38624 --- [           main] com.zaxxer.hikari.HikariDataSource       : HikariPool-1 - Starting...
2025-06-06T04:26:13.399-03:00  INFO 38624 --- [           main] com.zaxxer.hikari.pool.HikariPool        : HikariPool-1 - Added connection org.postgresql.jdbc.PgConnection@779228dc
2025-06-06T04:26:13.400-03:00  INFO 38624 --- [           main] com.zaxxer.hikari.HikariDataSource       : HikariPool-1 - Start completed.
2025-06-06T04:26:13.447-03:00  WARN 38624 --- [           main] org.hibernate.orm.deprecation            : HHH90000025: PostgreSQLDialect does not need to be specified explicitly using 'hibernate.dialect' (remove the property setting and it will be selected by default)
2025-06-06T04:26:13.471-03:00  INFO 38624 --- [           main] org.hibernate.orm.connections.pooling    : HHH10001005: Database info:
	Database JDBC URL [Connecting through datasource 'HikariDataSource (HikariPool-1)']
	Database driver: undefined/unknown
	Database version: 17.5
	Autocommit mode: undefined/unknown
	Isolation level: undefined/unknown
	Minimum pool size: undefined/unknown
	Maximum pool size: undefined/unknown
2025-06-06T04:26:14.362-03:00  INFO 38624 --- [           main] o.h.m.i.EntityInstantiatorPojoStandard   : HHH000182: No default (no-argument) constructor for class: ing.gpps.entity.users.AdminEntidad (class must be instantiated by Interceptor)
2025-06-06T04:26:14.802-03:00  INFO 38624 --- [           main] o.h.e.t.j.p.i.JtaPlatformInitiator       : HHH000489: No JTA platform available (set 'hibernate.transaction.jta.platform' to enable JTA platform integration)
2025-06-06T04:26:14.814-03:00 DEBUG 38624 --- [           main] org.hibernate.SQL                        : 
    set client_min_messages = WARNING
Hibernate: 
    set client_min_messages = WARNING
2025-06-06T04:26:14.815-03:00 DEBUG 38624 --- [           main] org.hibernate.SQL                        : 
    alter table if exists actividades 
       drop constraint if exists FK75jjpg6dik5jx7f9j23drdg4y
Hibernate: 
    alter table if exists actividades 
       drop constraint if exists FK75jjpg6dik5jx7f9j23drdg4y
2025-06-06T04:26:14.825-03:00 DEBUG 38624 --- [           main] org.hibernate.SQL                        : 
    alter table if exists actividades 
       drop constraint if exists FKd6sq79sjo8uw5j4tpms1bklvx
Hibernate: 
    alter table if exists actividades 
       drop constraint if exists FKd6sq79sjo8uw5j4tpms1bklvx
2025-06-06T04:26:14.826-03:00 DEBUG 38624 --- [           main] org.hibernate.SQL                        : 
    alter table if exists admin 
       drop constraint if exists FKiq5uw34yv94wnpdofq0tc4f21
Hibernate: 
    alter table if exists admin 
       drop constraint if exists FKiq5uw34yv94wnpdofq0tc4f21
2025-06-06T04:26:14.827-03:00 DEBUG 38624 --- [           main] org.hibernate.SQL                        : 
    alter table if exists admin_entidad 
       drop constraint if exists FKkv76e31ufqhne2cbhc9ayvj2n
Hibernate: 
    alter table if exists admin_entidad 
       drop constraint if exists FKkv76e31ufqhne2cbhc9ayvj2n
2025-06-06T04:26:14.828-03:00 DEBUG 38624 --- [           main] org.hibernate.SQL                        : 
    alter table if exists admin_entidad 
       drop constraint if exists FKeo77m81jxv93gptrh5pj38rex
Hibernate: 
    alter table if exists admin_entidad 
       drop constraint if exists FKeo77m81jxv93gptrh5pj38rex
2025-06-06T04:26:14.829-03:00 DEBUG 38624 --- [           main] org.hibernate.SQL                        : 
    alter table if exists direccion_de_carrera 
       drop constraint if exists FKkp31bhag5xj460xcmigojk5iw
Hibernate: 
    alter table if exists direccion_de_carrera 
       drop constraint if exists FKkp31bhag5xj460xcmigojk5iw
2025-06-06T04:26:14.830-03:00 DEBUG 38624 --- [           main] org.hibernate.SQL                        : 
    alter table if exists docente_supervisor 
       drop constraint if exists FKgcra653jeklfp57v6i2kc8mpr
Hibernate: 
    alter table if exists docente_supervisor 
       drop constraint if exists FKgcra653jeklfp57v6i2kc8mpr
2025-06-06T04:26:14.831-03:00 DEBUG 38624 --- [           main] org.hibernate.SQL                        : 
    alter table if exists entrega 
       drop constraint if exists FKj2qmbxyudhm6pxjpqq1uu3v1q
Hibernate: 
    alter table if exists entrega 
       drop constraint if exists FKj2qmbxyudhm6pxjpqq1uu3v1q
2025-06-06T04:26:14.832-03:00 DEBUG 38624 --- [           main] org.hibernate.SQL                        : 
    alter table if exists estudiante 
       drop constraint if exists FKqip10eym9vbhw30mbvvw9li1c
Hibernate: 
    alter table if exists estudiante 
       drop constraint if exists FKqip10eym9vbhw30mbvvw9li1c
2025-06-06T04:26:14.834-03:00 DEBUG 38624 --- [           main] org.hibernate.SQL                        : 
    alter table if exists estudiante 
       drop constraint if exists FKhq1oojp22wafs63ehrprnwqtb
Hibernate: 
    alter table if exists estudiante 
       drop constraint if exists FKhq1oojp22wafs63ehrprnwqtb
2025-06-06T04:26:14.835-03:00 DEBUG 38624 --- [           main] org.hibernate.SQL                        : 
    alter table if exists informe 
       drop constraint if exists FKaof6qenck8gpxyi64t2goh4q4
Hibernate: 
    alter table if exists informe 
       drop constraint if exists FKaof6qenck8gpxyi64t2goh4q4
2025-06-06T04:26:14.835-03:00 DEBUG 38624 --- [           main] org.hibernate.SQL                        : 
    alter table if exists informe 
       drop constraint if exists FKe9d2q7g633bkrp3sj749ssdyk
Hibernate: 
    alter table if exists informe 
       drop constraint if exists FKe9d2q7g633bkrp3sj749ssdyk
2025-06-06T04:26:14.836-03:00 DEBUG 38624 --- [           main] org.hibernate.SQL                        : 
    alter table if exists plan_de_trabajo 
       drop constraint if exists FKoyqmm9isw0f6gep6pxwixw5bx
Hibernate: 
    alter table if exists plan_de_trabajo 
       drop constraint if exists FKoyqmm9isw0f6gep6pxwixw5bx
2025-06-06T04:26:14.837-03:00 DEBUG 38624 --- [           main] org.hibernate.SQL                        : 
    alter table if exists proyecto 
       drop constraint if exists FK54rua4fi9gl1vdtjjkq4w0ktf
Hibernate: 
    alter table if exists proyecto 
       drop constraint if exists FK54rua4fi9gl1vdtjjkq4w0ktf
2025-06-06T04:26:14.838-03:00 DEBUG 38624 --- [           main] org.hibernate.SQL                        : 
    alter table if exists proyecto 
       drop constraint if exists FK91mtk3lfh76pwya2ya7wkei91
Hibernate: 
    alter table if exists proyecto 
       drop constraint if exists FK91mtk3lfh76pwya2ya7wkei91
2025-06-06T04:26:14.838-03:00 DEBUG 38624 --- [           main] org.hibernate.SQL                        : 
    alter table if exists proyecto 
       drop constraint if exists FKme0h3h702s75vmltedjj2gbwq
Hibernate: 
    alter table if exists proyecto 
       drop constraint if exists FKme0h3h702s75vmltedjj2gbwq
2025-06-06T04:26:14.839-03:00 DEBUG 38624 --- [           main] org.hibernate.SQL                        : 
    alter table if exists proyecto 
       drop constraint if exists FKsynnaprrfysngyj2mdg2cvi9b
Hibernate: 
    alter table if exists proyecto 
       drop constraint if exists FKsynnaprrfysngyj2mdg2cvi9b
2025-06-06T04:26:14.839-03:00 DEBUG 38624 --- [           main] org.hibernate.SQL                        : 
    alter table if exists proyecto 
       drop constraint if exists FKq9pe421v986ynadujfiomnv0j
Hibernate: 
    alter table if exists proyecto 
       drop constraint if exists FKq9pe421v986ynadujfiomnv0j
2025-06-06T04:26:14.840-03:00 DEBUG 38624 --- [           main] org.hibernate.SQL                        : 
    alter table if exists proyecto_objetivos 
       drop constraint if exists FKlv0h9pj1lg2xox4uu3202bl2h
Hibernate: 
    alter table if exists proyecto_objetivos 
       drop constraint if exists FKlv0h9pj1lg2xox4uu3202bl2h
2025-06-06T04:26:14.841-03:00 DEBUG 38624 --- [           main] org.hibernate.SQL                        : 
    alter table if exists tutor_externo 
       drop constraint if exists FKtonqwo8f142weqy07v8qd1dr8
Hibernate: 
    alter table if exists tutor_externo 
       drop constraint if exists FKtonqwo8f142weqy07v8qd1dr8
2025-06-06T04:26:14.842-03:00 DEBUG 38624 --- [           main] org.hibernate.SQL                        : 
    drop table if exists actividades cascade
Hibernate: 
    drop table if exists actividades cascade
2025-06-06T04:26:14.849-03:00 DEBUG 38624 --- [           main] org.hibernate.SQL                        : 
    drop table if exists admin cascade
Hibernate: 
    drop table if exists admin cascade
2025-06-06T04:26:14.851-03:00 DEBUG 38624 --- [           main] org.hibernate.SQL                        : 
    drop table if exists admin_entidad cascade
Hibernate: 
    drop table if exists admin_entidad cascade
2025-06-06T04:26:14.853-03:00 DEBUG 38624 --- [           main] org.hibernate.SQL                        : 
    drop table if exists area cascade
Hibernate: 
    drop table if exists area cascade
2025-06-06T04:26:14.855-03:00 DEBUG 38624 --- [           main] org.hibernate.SQL                        : 
    drop table if exists direccion_de_carrera cascade
Hibernate: 
    drop table if exists direccion_de_carrera cascade
2025-06-06T04:26:14.856-03:00 DEBUG 38624 --- [           main] org.hibernate.SQL                        : 
    drop table if exists docente_supervisor cascade
Hibernate: 
    drop table if exists docente_supervisor cascade
2025-06-06T04:26:14.860-03:00 DEBUG 38624 --- [           main] org.hibernate.SQL                        : 
    drop table if exists entidad cascade
Hibernate: 
    drop table if exists entidad cascade
2025-06-06T04:26:14.864-03:00 DEBUG 38624 --- [           main] org.hibernate.SQL                        : 
    drop table if exists entrega cascade
Hibernate: 
    drop table if exists entrega cascade
2025-06-06T04:26:14.866-03:00 DEBUG 38624 --- [           main] org.hibernate.SQL                        : 
    drop table if exists estudiante cascade
Hibernate: 
    drop table if exists estudiante cascade
2025-06-06T04:26:14.869-03:00 DEBUG 38624 --- [           main] org.hibernate.SQL                        : 
    drop table if exists informe cascade
Hibernate: 
    drop table if exists informe cascade
2025-06-06T04:26:14.871-03:00 DEBUG 38624 --- [           main] org.hibernate.SQL                        : 
    drop table if exists plan_de_trabajo cascade
Hibernate: 
    drop table if exists plan_de_trabajo cascade
2025-06-06T04:26:14.874-03:00 DEBUG 38624 --- [           main] org.hibernate.SQL                        : 
    drop table if exists proyecto cascade
Hibernate: 
    drop table if exists proyecto cascade
2025-06-06T04:26:14.877-03:00 DEBUG 38624 --- [           main] org.hibernate.SQL                        : 
    drop table if exists proyecto_objetivos cascade
Hibernate: 
    drop table if exists proyecto_objetivos cascade
2025-06-06T04:26:14.879-03:00 DEBUG 38624 --- [           main] org.hibernate.SQL                        : 
    drop table if exists tutor_externo cascade
Hibernate: 
    drop table if exists tutor_externo cascade
2025-06-06T04:26:14.881-03:00 DEBUG 38624 --- [           main] org.hibernate.SQL                        : 
    drop table if exists usuario cascade
Hibernate: 
    drop table if exists usuario cascade
2025-06-06T04:26:14.888-03:00 DEBUG 38624 --- [           main] org.hibernate.SQL                        : 
    create table actividades (
        horas integer not null,
        docente_supervisor_id bigint not null,
        fecha_actualizacion timestamp(6),
        fecha_creacion timestamp(6) not null,
        numero bigint not null,
        plan_numero bigint not null,
        plan_proyecto_cuit bigint not null,
        descripcion varchar(255) not null,
        estado varchar(255) not null check (estado in ('APROBADO','RECHAZADO','EN_REVISION')),
        plan_proyecto_titulo varchar(255) not null,
        ruta_archivo varchar(255),
        titulo varchar(255) not null,
        primary key (numero, plan_numero, plan_proyecto_cuit, plan_proyecto_titulo)
    )
Hibernate: 
    create table actividades (
        horas integer not null,
        docente_supervisor_id bigint not null,
        fecha_actualizacion timestamp(6),
        fecha_creacion timestamp(6) not null,
        numero bigint not null,
        plan_numero bigint not null,
        plan_proyecto_cuit bigint not null,
        descripcion varchar(255) not null,
        estado varchar(255) not null check (estado in ('APROBADO','RECHAZADO','EN_REVISION')),
        plan_proyecto_titulo varchar(255) not null,
        ruta_archivo varchar(255),
        titulo varchar(255) not null,
        primary key (numero, plan_numero, plan_proyecto_cuit, plan_proyecto_titulo)
    )
2025-06-06T04:26:14.902-03:00 DEBUG 38624 --- [           main] org.hibernate.SQL                        : 
    create table admin (
        id bigint not null,
        primary key (id)
    )
Hibernate: 
    create table admin (
        id bigint not null,
        primary key (id)
    )
2025-06-06T04:26:14.904-03:00 DEBUG 38624 --- [           main] org.hibernate.SQL                        : 
    create table admin_entidad (
        cuit_entidad bigint,
        id bigint not null,
        primary key (id)
    )
Hibernate: 
    create table admin_entidad (
        cuit_entidad bigint,
        id bigint not null,
        primary key (id)
    )
2025-06-06T04:26:14.909-03:00 DEBUG 38624 --- [           main] org.hibernate.SQL                        : 
    create table area (
        nombre varchar(255) not null,
        primary key (nombre)
    )
Hibernate: 
    create table area (
        nombre varchar(255) not null,
        primary key (nombre)
    )
2025-06-06T04:26:14.911-03:00 DEBUG 38624 --- [           main] org.hibernate.SQL                        : 
    create table direccion_de_carrera (
        id bigint not null,
        primary key (id)
    )
Hibernate: 
    create table direccion_de_carrera (
        id bigint not null,
        primary key (id)
    )
2025-06-06T04:26:14.913-03:00 DEBUG 38624 --- [           main] org.hibernate.SQL                        : 
    create table docente_supervisor (
        id bigint not null,
        legajo varchar(255) not null unique,
        primary key (id)
    )
Hibernate: 
    create table docente_supervisor (
        id bigint not null,
        legajo varchar(255) not null unique,
        primary key (id)
    )
2025-06-06T04:26:14.915-03:00 DEBUG 38624 --- [           main] org.hibernate.SQL                        : 
    create table entidad (
        tipo smallint not null check (tipo between 0 and 2),
        cuit bigint not null,
        email varchar(255) not null,
        nombre varchar(255) not null,
        ubicacion varchar(255) not null,
        primary key (cuit)
    )
Hibernate: 
    create table entidad (
        tipo smallint not null check (tipo between 0 and 2),
        cuit bigint not null,
        email varchar(255) not null,
        nombre varchar(255) not null,
        ubicacion varchar(255) not null,
        primary key (cuit)
    )
2025-06-06T04:26:14.918-03:00 DEBUG 38624 --- [           main] org.hibernate.SQL                        : 
    create table entrega (
        fecha_entrega date,
        fecha_limite date,
        id integer generated by default as identity,
        actividad_numero bigint,
        plan_numero bigint,
        plan_proyecto_cuit bigint,
        archivo_url varchar(255),
        comentarios varchar(255),
        descripcion varchar(255) not null,
        estado varchar(255) check (estado in ('PENDIENTE','ENTREGADO','APROBADO','RECHAZADO')),
        plan_proyecto_titulo varchar(255),
        tamano_archivo varchar(255),
        titulo varchar(255) not null,
        primary key (id)
    )
Hibernate: 
    create table entrega (
        fecha_entrega date,
        fecha_limite date,
        id integer generated by default as identity,
        actividad_numero bigint,
        plan_numero bigint,
        plan_proyecto_cuit bigint,
        archivo_url varchar(255),
        comentarios varchar(255),
        descripcion varchar(255) not null,
        estado varchar(255) check (estado in ('PENDIENTE','ENTREGADO','APROBADO','RECHAZADO')),
        plan_proyecto_titulo varchar(255),
        tamano_archivo varchar(255),
        titulo varchar(255) not null,
        primary key (id)
    )
2025-06-06T04:26:14.924-03:00 DEBUG 38624 --- [           main] org.hibernate.SQL                        : 
    create table estudiante (
        dni bigint unique,
        fk_cuit_entidad bigint,
        fk_id_supervisor bigint,
        fk_tutor_externo bigint,
        id bigint not null,
        legajo bigint unique,
        fk_titulo_proyecto varchar(255),
        primary key (id),
        unique (fk_cuit_entidad, fk_titulo_proyecto)
    )
Hibernate: 
    create table estudiante (
        dni bigint unique,
        fk_cuit_entidad bigint,
        fk_id_supervisor bigint,
        fk_tutor_externo bigint,
        id bigint not null,
        legajo bigint unique,
        fk_titulo_proyecto varchar(255),
        primary key (id),
        unique (fk_cuit_entidad, fk_titulo_proyecto)
    )
2025-06-06T04:26:14.927-03:00 DEBUG 38624 --- [           main] org.hibernate.SQL                        : 
    create table informe (
        fecha date not null,
        fk_id_estudiante bigint not null,
        fk_numero_actividad bigint,
        numero bigint not null,
        plan_numero bigint,
        plan_proyecto_cuit bigint,
        plan_proyecto_titulo varchar(255),
        ruta varchar(255) not null,
        titulo varchar(255) not null,
        primary key (fk_id_estudiante, numero)
    )
Hibernate: 
    create table informe (
        fecha date not null,
        fk_id_estudiante bigint not null,
        fk_numero_actividad bigint,
        numero bigint not null,
        plan_numero bigint,
        plan_proyecto_cuit bigint,
        plan_proyecto_titulo varchar(255),
        ruta varchar(255) not null,
        titulo varchar(255) not null,
        primary key (fk_id_estudiante, numero)
    )
2025-06-06T04:26:14.931-03:00 DEBUG 38624 --- [           main] org.hibernate.SQL                        : 
    create table plan_de_trabajo (
        fecha_fin date not null,
        fecha_inicio date not null,
        numero bigint not null,
        proyecto_id_cuit bigint not null,
        proyecto_id_titulo varchar(255) not null,
        primary key (numero, proyecto_id_cuit, proyecto_id_titulo),
        unique (proyecto_id_cuit, proyecto_id_titulo)
    )
Hibernate: 
    create table plan_de_trabajo (
        fecha_fin date not null,
        fecha_inicio date not null,
        numero bigint not null,
        proyecto_id_cuit bigint not null,
        proyecto_id_titulo varchar(255) not null,
        primary key (numero, proyecto_id_cuit, proyecto_id_titulo),
        unique (proyecto_id_cuit, proyecto_id_titulo)
    )
2025-06-06T04:26:14.932-03:00 DEBUG 38624 --- [           main] org.hibernate.SQL                        : 
    create table proyecto (
        progreso integer,
        estudiante_id bigint unique,
        fk_cuit_entidad bigint not null,
        tutor_externo_id bigint,
        tutor_unrn_id bigint unique,
        descripcion TEXT not null,
        estado varchar(255) check (estado in ('EN_ESPERA','EN_CURSO','FINALIZADO')),
        fk_nombre_area varchar(255),
        titulo varchar(255) not null,
        primary key (fk_cuit_entidad, titulo)
    )
Hibernate: 
    create table proyecto (
        progreso integer,
        estudiante_id bigint unique,
        fk_cuit_entidad bigint not null,
        tutor_externo_id bigint,
        tutor_unrn_id bigint unique,
        descripcion TEXT not null,
        estado varchar(255) check (estado in ('EN_ESPERA','EN_CURSO','FINALIZADO')),
        fk_nombre_area varchar(255),
        titulo varchar(255) not null,
        primary key (fk_cuit_entidad, titulo)
    )
2025-06-06T04:26:14.937-03:00 DEBUG 38624 --- [           main] org.hibernate.SQL                        : 
    create table proyecto_objetivos (
        proyecto_fk_cuit_entidad bigint not null,
        objetivos varchar(255),
        proyecto_titulo varchar(255) not null
    )
Hibernate: 
    create table proyecto_objetivos (
        proyecto_fk_cuit_entidad bigint not null,
        objetivos varchar(255),
        proyecto_titulo varchar(255) not null
    )
2025-06-06T04:26:14.940-03:00 DEBUG 38624 --- [           main] org.hibernate.SQL                        : 
    create table tutor_externo (
        id bigint not null,
        primary key (id)
    )
Hibernate: 
    create table tutor_externo (
        id bigint not null,
        primary key (id)
    )
2025-06-06T04:26:14.942-03:00 DEBUG 38624 --- [           main] org.hibernate.SQL                        : 
    create table usuario (
        id bigint generated by default as identity,
        num_telefono bigint,
        tipo_usuario varchar(31) not null,
        apellido varchar(255) not null,
        email varchar(255) not null unique,
        nombre varchar(255) not null,
        password varchar(255) not null,
        primary key (id)
    )
Hibernate: 
    create table usuario (
        id bigint generated by default as identity,
        num_telefono bigint,
        tipo_usuario varchar(31) not null,
        apellido varchar(255) not null,
        email varchar(255) not null unique,
        nombre varchar(255) not null,
        password varchar(255) not null,
        primary key (id)
    )
2025-06-06T04:26:14.946-03:00 DEBUG 38624 --- [           main] org.hibernate.SQL                        : 
    alter table if exists actividades 
       add constraint FK75jjpg6dik5jx7f9j23drdg4y 
       foreign key (docente_supervisor_id) 
       references docente_supervisor
Hibernate: 
    alter table if exists actividades 
       add constraint FK75jjpg6dik5jx7f9j23drdg4y 
       foreign key (docente_supervisor_id) 
       references docente_supervisor
2025-06-06T04:26:14.955-03:00 DEBUG 38624 --- [           main] org.hibernate.SQL                        : 
    alter table if exists actividades 
       add constraint FKd6sq79sjo8uw5j4tpms1bklvx 
       foreign key (plan_numero, plan_proyecto_cuit, plan_proyecto_titulo) 
       references plan_de_trabajo
Hibernate: 
    alter table if exists actividades 
       add constraint FKd6sq79sjo8uw5j4tpms1bklvx 
       foreign key (plan_numero, plan_proyecto_cuit, plan_proyecto_titulo) 
       references plan_de_trabajo
2025-06-06T04:26:14.959-03:00 DEBUG 38624 --- [           main] org.hibernate.SQL                        : 
    alter table if exists admin 
       add constraint FKiq5uw34yv94wnpdofq0tc4f21 
       foreign key (id) 
       references usuario
Hibernate: 
    alter table if exists admin 
       add constraint FKiq5uw34yv94wnpdofq0tc4f21 
       foreign key (id) 
       references usuario
2025-06-06T04:26:14.962-03:00 DEBUG 38624 --- [           main] org.hibernate.SQL                        : 
    alter table if exists admin_entidad 
       add constraint FKkv76e31ufqhne2cbhc9ayvj2n 
       foreign key (cuit_entidad) 
       references entidad
Hibernate: 
    alter table if exists admin_entidad 
       add constraint FKkv76e31ufqhne2cbhc9ayvj2n 
       foreign key (cuit_entidad) 
       references entidad
2025-06-06T04:26:14.964-03:00 DEBUG 38624 --- [           main] org.hibernate.SQL                        : 
    alter table if exists admin_entidad 
       add constraint FKeo77m81jxv93gptrh5pj38rex 
       foreign key (id) 
       references usuario
Hibernate: 
    alter table if exists admin_entidad 
       add constraint FKeo77m81jxv93gptrh5pj38rex 
       foreign key (id) 
       references usuario
2025-06-06T04:26:14.965-03:00 DEBUG 38624 --- [           main] org.hibernate.SQL                        : 
    alter table if exists direccion_de_carrera 
       add constraint FKkp31bhag5xj460xcmigojk5iw 
       foreign key (id) 
       references usuario
Hibernate: 
    alter table if exists direccion_de_carrera 
       add constraint FKkp31bhag5xj460xcmigojk5iw 
       foreign key (id) 
       references usuario
2025-06-06T04:26:14.966-03:00 DEBUG 38624 --- [           main] org.hibernate.SQL                        : 
    alter table if exists docente_supervisor 
       add constraint FKgcra653jeklfp57v6i2kc8mpr 
       foreign key (id) 
       references usuario
Hibernate: 
    alter table if exists docente_supervisor 
       add constraint FKgcra653jeklfp57v6i2kc8mpr 
       foreign key (id) 
       references usuario
2025-06-06T04:26:14.968-03:00 DEBUG 38624 --- [           main] org.hibernate.SQL                        : 
    alter table if exists entrega 
       add constraint FKj2qmbxyudhm6pxjpqq1uu3v1q 
       foreign key (actividad_numero, plan_numero, plan_proyecto_cuit, plan_proyecto_titulo) 
       references actividades
Hibernate: 
    alter table if exists entrega 
       add constraint FKj2qmbxyudhm6pxjpqq1uu3v1q 
       foreign key (actividad_numero, plan_numero, plan_proyecto_cuit, plan_proyecto_titulo) 
       references actividades
2025-06-06T04:26:14.970-03:00 DEBUG 38624 --- [           main] org.hibernate.SQL                        : 
    alter table if exists estudiante 
       add constraint FKqip10eym9vbhw30mbvvw9li1c 
       foreign key (fk_cuit_entidad, fk_titulo_proyecto) 
       references proyecto
Hibernate: 
    alter table if exists estudiante 
       add constraint FKqip10eym9vbhw30mbvvw9li1c 
       foreign key (fk_cuit_entidad, fk_titulo_proyecto) 
       references proyecto
2025-06-06T04:26:14.974-03:00 DEBUG 38624 --- [           main] org.hibernate.SQL                        : 
    alter table if exists estudiante 
       add constraint FKhq1oojp22wafs63ehrprnwqtb 
       foreign key (id) 
       references usuario
Hibernate: 
    alter table if exists estudiante 
       add constraint FKhq1oojp22wafs63ehrprnwqtb 
       foreign key (id) 
       references usuario
2025-06-06T04:26:14.975-03:00 DEBUG 38624 --- [           main] org.hibernate.SQL                        : 
    alter table if exists informe 
       add constraint FKaof6qenck8gpxyi64t2goh4q4 
       foreign key (fk_numero_actividad, plan_numero, plan_proyecto_cuit, plan_proyecto_titulo) 
       references actividades
Hibernate: 
    alter table if exists informe 
       add constraint FKaof6qenck8gpxyi64t2goh4q4 
       foreign key (fk_numero_actividad, plan_numero, plan_proyecto_cuit, plan_proyecto_titulo) 
       references actividades
2025-06-06T04:26:14.978-03:00 DEBUG 38624 --- [           main] org.hibernate.SQL                        : 
    alter table if exists informe 
       add constraint FKe9d2q7g633bkrp3sj749ssdyk 
       foreign key (fk_id_estudiante) 
       references estudiante
Hibernate: 
    alter table if exists informe 
       add constraint FKe9d2q7g633bkrp3sj749ssdyk 
       foreign key (fk_id_estudiante) 
       references estudiante
2025-06-06T04:26:14.979-03:00 DEBUG 38624 --- [           main] org.hibernate.SQL                        : 
    alter table if exists plan_de_trabajo 
       add constraint FKoyqmm9isw0f6gep6pxwixw5bx 
       foreign key (proyecto_id_cuit, proyecto_id_titulo) 
       references proyecto
Hibernate: 
    alter table if exists plan_de_trabajo 
       add constraint FKoyqmm9isw0f6gep6pxwixw5bx 
       foreign key (proyecto_id_cuit, proyecto_id_titulo) 
       references proyecto
2025-06-06T04:26:14.980-03:00 DEBUG 38624 --- [           main] org.hibernate.SQL                        : 
    alter table if exists proyecto 
       add constraint FK54rua4fi9gl1vdtjjkq4w0ktf 
       foreign key (fk_nombre_area) 
       references area
Hibernate: 
    alter table if exists proyecto 
       add constraint FK54rua4fi9gl1vdtjjkq4w0ktf 
       foreign key (fk_nombre_area) 
       references area
2025-06-06T04:26:14.982-03:00 DEBUG 38624 --- [           main] org.hibernate.SQL                        : 
    alter table if exists proyecto 
       add constraint FK91mtk3lfh76pwya2ya7wkei91 
       foreign key (fk_cuit_entidad) 
       references entidad
Hibernate: 
    alter table if exists proyecto 
       add constraint FK91mtk3lfh76pwya2ya7wkei91 
       foreign key (fk_cuit_entidad) 
       references entidad
2025-06-06T04:26:14.983-03:00 DEBUG 38624 --- [           main] org.hibernate.SQL                        : 
    alter table if exists proyecto 
       add constraint FKme0h3h702s75vmltedjj2gbwq 
       foreign key (estudiante_id) 
       references estudiante
Hibernate: 
    alter table if exists proyecto 
       add constraint FKme0h3h702s75vmltedjj2gbwq 
       foreign key (estudiante_id) 
       references estudiante
2025-06-06T04:26:14.984-03:00 DEBUG 38624 --- [           main] org.hibernate.SQL                        : 
    alter table if exists proyecto 
       add constraint FKsynnaprrfysngyj2mdg2cvi9b 
       foreign key (tutor_externo_id) 
       references tutor_externo
Hibernate: 
    alter table if exists proyecto 
       add constraint FKsynnaprrfysngyj2mdg2cvi9b 
       foreign key (tutor_externo_id) 
       references tutor_externo
2025-06-06T04:26:14.985-03:00 DEBUG 38624 --- [           main] org.hibernate.SQL                        : 
    alter table if exists proyecto 
       add constraint FKq9pe421v986ynadujfiomnv0j 
       foreign key (tutor_unrn_id) 
       references usuario
Hibernate: 
    alter table if exists proyecto 
       add constraint FKq9pe421v986ynadujfiomnv0j 
       foreign key (tutor_unrn_id) 
       references usuario
2025-06-06T04:26:14.987-03:00 DEBUG 38624 --- [           main] org.hibernate.SQL                        : 
    alter table if exists proyecto_objetivos 
       add constraint FKlv0h9pj1lg2xox4uu3202bl2h 
       foreign key (proyecto_fk_cuit_entidad, proyecto_titulo) 
       references proyecto
Hibernate: 
    alter table if exists proyecto_objetivos 
       add constraint FKlv0h9pj1lg2xox4uu3202bl2h 
       foreign key (proyecto_fk_cuit_entidad, proyecto_titulo) 
       references proyecto
2025-06-06T04:26:14.988-03:00 DEBUG 38624 --- [           main] org.hibernate.SQL                        : 
    alter table if exists tutor_externo 
       add constraint FKtonqwo8f142weqy07v8qd1dr8 
       foreign key (id) 
       references usuario
Hibernate: 
    alter table if exists tutor_externo 
       add constraint FKtonqwo8f142weqy07v8qd1dr8 
       foreign key (id) 
       references usuario
2025-06-06T04:26:14.991-03:00  INFO 38624 --- [           main] j.LocalContainerEntityManagerFactoryBean : Initialized JPA EntityManagerFactory for persistence unit 'default'
2025-06-06T04:26:15.538-03:00  INFO 38624 --- [           main] o.s.d.j.r.query.QueryEnhancerFactory     : Hibernate is in classpath; If applicable, HQL parser will be used.
2025-06-06T04:26:16.221-03:00 DEBUG 38624 --- [           main] org.hibernate.SQL                        : 
    select
        count(*) 
    from
        usuario u1_0
Hibernate: 
    select
        count(*) 
    from
        usuario u1_0
2025-06-06T04:26:16.416-03:00 DEBUG 38624 --- [           main] org.hibernate.SQL                        : 
    select
        u1_0.id,
        u1_0.tipo_usuario,
        u1_0.apellido,
        u1_0.email,
        u1_0.nombre,
        u1_0.num_telefono,
        u1_0.password,
        u1_1.cuit_entidad,
        u1_2.legajo,
        u1_3.dni,
        u1_3.fk_id_supervisor,
        u1_3.fk_tutor_externo,
        u1_3.legajo,
        u1_3.fk_cuit_entidad,
        u1_3.fk_titulo_proyecto 
    from
        usuario u1_0 
    left join
        admin_entidad u1_1 
            on u1_0.id=u1_1.id 
    left join
        docente_supervisor u1_2 
            on u1_0.id=u1_2.id 
    left join
        estudiante u1_3 
            on u1_0.id=u1_3.id 
    where
        u1_0.email=?
Hibernate: 
    select
        u1_0.id,
        u1_0.tipo_usuario,
        u1_0.apellido,
        u1_0.email,
        u1_0.nombre,
        u1_0.num_telefono,
        u1_0.password,
        u1_1.cuit_entidad,
        u1_2.legajo,
        u1_3.dni,
        u1_3.fk_id_supervisor,
        u1_3.fk_tutor_externo,
        u1_3.legajo,
        u1_3.fk_cuit_entidad,
        u1_3.fk_titulo_proyecto 
    from
        usuario u1_0 
    left join
        admin_entidad u1_1 
            on u1_0.id=u1_1.id 
    left join
        docente_supervisor u1_2 
            on u1_0.id=u1_2.id 
    left join
        estudiante u1_3 
            on u1_0.id=u1_3.id 
    where
        u1_0.email=?
2025-06-06T04:26:16.468-03:00 DEBUG 38624 --- [           main] org.hibernate.SQL                        : 
    insert 
    into
        usuario
        (apellido, email, nombre, num_telefono, password, tipo_usuario) 
    values
        (?, ?, ?, ?, ?, 'ESTUDIANTE')
Hibernate: 
    insert 
    into
        usuario
        (apellido, email, nombre, num_telefono, password, tipo_usuario) 
    values
        (?, ?, ?, ?, ?, 'ESTUDIANTE')
2025-06-06T04:26:16.479-03:00 DEBUG 38624 --- [           main] org.hibernate.SQL                        : 
    insert 
    into
        estudiante
        (dni, fk_id_supervisor, fk_tutor_externo, legajo, fk_cuit_entidad, fk_titulo_proyecto, id) 
    values
        (?, ?, ?, ?, ?, ?, ?)
Hibernate: 
    insert 
    into
        estudiante
        (dni, fk_id_supervisor, fk_tutor_externo, legajo, fk_cuit_entidad, fk_titulo_proyecto, id) 
    values
        (?, ?, ?, ?, ?, ?, ?)
2025-06-06T04:26:16.490-03:00 DEBUG 38624 --- [           main] org.hibernate.SQL                        : 
    select
        u1_0.id,
        u1_0.tipo_usuario,
        u1_0.apellido,
        u1_0.email,
        u1_0.nombre,
        u1_0.num_telefono,
        u1_0.password,
        u1_1.cuit_entidad,
        u1_2.legajo,
        u1_3.dni,
        u1_3.fk_id_supervisor,
        u1_3.fk_tutor_externo,
        u1_3.legajo,
        u1_3.fk_cuit_entidad,
        u1_3.fk_titulo_proyecto 
    from
        usuario u1_0 
    left join
        admin_entidad u1_1 
            on u1_0.id=u1_1.id 
    left join
        docente_supervisor u1_2 
            on u1_0.id=u1_2.id 
    left join
        estudiante u1_3 
            on u1_0.id=u1_3.id 
    where
        u1_0.email=?
Hibernate: 
    select
        u1_0.id,
        u1_0.tipo_usuario,
        u1_0.apellido,
        u1_0.email,
        u1_0.nombre,
        u1_0.num_telefono,
        u1_0.password,
        u1_1.cuit_entidad,
        u1_2.legajo,
        u1_3.dni,
        u1_3.fk_id_supervisor,
        u1_3.fk_tutor_externo,
        u1_3.legajo,
        u1_3.fk_cuit_entidad,
        u1_3.fk_titulo_proyecto 
    from
        usuario u1_0 
    left join
        admin_entidad u1_1 
            on u1_0.id=u1_1.id 
    left join
        docente_supervisor u1_2 
            on u1_0.id=u1_2.id 
    left join
        estudiante u1_3 
            on u1_0.id=u1_3.id 
    where
        u1_0.email=?
2025-06-06T04:26:16.492-03:00 DEBUG 38624 --- [           main] org.hibernate.SQL                        : 
    insert 
    into
        usuario
        (apellido, email, nombre, num_telefono, password, tipo_usuario) 
    values
        (?, ?, ?, ?, ?, 'ESTUDIANTE')
Hibernate: 
    insert 
    into
        usuario
        (apellido, email, nombre, num_telefono, password, tipo_usuario) 
    values
        (?, ?, ?, ?, ?, 'ESTUDIANTE')
2025-06-06T04:26:16.493-03:00 DEBUG 38624 --- [           main] org.hibernate.SQL                        : 
    insert 
    into
        estudiante
        (dni, fk_id_supervisor, fk_tutor_externo, legajo, fk_cuit_entidad, fk_titulo_proyecto, id) 
    values
        (?, ?, ?, ?, ?, ?, ?)
Hibernate: 
    insert 
    into
        estudiante
        (dni, fk_id_supervisor, fk_tutor_externo, legajo, fk_cuit_entidad, fk_titulo_proyecto, id) 
    values
        (?, ?, ?, ?, ?, ?, ?)
2025-06-06T04:26:16.553-03:00 DEBUG 38624 --- [           main] org.hibernate.SQL                        : 
    select
        u1_0.id,
        u1_0.tipo_usuario,
        u1_0.apellido,
        u1_0.email,
        u1_0.nombre,
        u1_0.num_telefono,
        u1_0.password,
        u1_1.cuit_entidad,
        u1_2.legajo,
        u1_3.dni,
        u1_3.fk_id_supervisor,
        u1_3.fk_tutor_externo,
        u1_3.legajo,
        u1_3.fk_cuit_entidad,
        u1_3.fk_titulo_proyecto 
    from
        usuario u1_0 
    left join
        admin_entidad u1_1 
            on u1_0.id=u1_1.id 
    left join
        docente_supervisor u1_2 
            on u1_0.id=u1_2.id 
    left join
        estudiante u1_3 
            on u1_0.id=u1_3.id 
    where
        u1_0.email=?
Hibernate: 
    select
        u1_0.id,
        u1_0.tipo_usuario,
        u1_0.apellido,
        u1_0.email,
        u1_0.nombre,
        u1_0.num_telefono,
        u1_0.password,
        u1_1.cuit_entidad,
        u1_2.legajo,
        u1_3.dni,
        u1_3.fk_id_supervisor,
        u1_3.fk_tutor_externo,
        u1_3.legajo,
        u1_3.fk_cuit_entidad,
        u1_3.fk_titulo_proyecto 
    from
        usuario u1_0 
    left join
        admin_entidad u1_1 
            on u1_0.id=u1_1.id 
    left join
        docente_supervisor u1_2 
            on u1_0.id=u1_2.id 
    left join
        estudiante u1_3 
            on u1_0.id=u1_3.id 
    where
        u1_0.email=?
2025-06-06T04:26:16.554-03:00 DEBUG 38624 --- [           main] org.hibernate.SQL                        : 
    insert 
    into
        usuario
        (apellido, email, nombre, num_telefono, password, tipo_usuario) 
    values
        (?, ?, ?, ?, ?, 'ADMIN')
Hibernate: 
    insert 
    into
        usuario
        (apellido, email, nombre, num_telefono, password, tipo_usuario) 
    values
        (?, ?, ?, ?, ?, 'ADMIN')
2025-06-06T04:26:16.555-03:00 DEBUG 38624 --- [           main] org.hibernate.SQL                        : 
    insert 
    into
        admin
        (id) 
    values
        (?)
Hibernate: 
    insert 
    into
        admin
        (id) 
    values
        (?)
2025-06-06T04:26:16.665-03:00 DEBUG 38624 --- [           main] org.hibernate.SQL                        : 
    select
        u1_0.id,
        u1_0.tipo_usuario,
        u1_0.apellido,
        u1_0.email,
        u1_0.nombre,
        u1_0.num_telefono,
        u1_0.password,
        u1_1.cuit_entidad,
        u1_2.legajo,
        u1_3.dni,
        u1_3.fk_id_supervisor,
        u1_3.fk_tutor_externo,
        u1_3.legajo,
        u1_3.fk_cuit_entidad,
        u1_3.fk_titulo_proyecto 
    from
        usuario u1_0 
    left join
        admin_entidad u1_1 
            on u1_0.id=u1_1.id 
    left join
        docente_supervisor u1_2 
            on u1_0.id=u1_2.id 
    left join
        estudiante u1_3 
            on u1_0.id=u1_3.id 
    where
        u1_0.email=?
Hibernate: 
    select
        u1_0.id,
        u1_0.tipo_usuario,
        u1_0.apellido,
        u1_0.email,
        u1_0.nombre,
        u1_0.num_telefono,
        u1_0.password,
        u1_1.cuit_entidad,
        u1_2.legajo,
        u1_3.dni,
        u1_3.fk_id_supervisor,
        u1_3.fk_tutor_externo,
        u1_3.legajo,
        u1_3.fk_cuit_entidad,
        u1_3.fk_titulo_proyecto 
    from
        usuario u1_0 
    left join
        admin_entidad u1_1 
            on u1_0.id=u1_1.id 
    left join
        docente_supervisor u1_2 
            on u1_0.id=u1_2.id 
    left join
        estudiante u1_3 
            on u1_0.id=u1_3.id 
    where
        u1_0.email=?
2025-06-06T04:26:16.666-03:00 DEBUG 38624 --- [           main] org.hibernate.SQL                        : 
    insert 
    into
        usuario
        (apellido, email, nombre, num_telefono, password, tipo_usuario) 
    values
        (?, ?, ?, ?, ?, 'DOCENTE_SUPERVISOR')
Hibernate: 
    insert 
    into
        usuario
        (apellido, email, nombre, num_telefono, password, tipo_usuario) 
    values
        (?, ?, ?, ?, ?, 'DOCENTE_SUPERVISOR')
2025-06-06T04:26:16.668-03:00 DEBUG 38624 --- [           main] org.hibernate.SQL                        : 
    insert 
    into
        docente_supervisor
        (legajo, id) 
    values
        (?, ?)
Hibernate: 
    insert 
    into
        docente_supervisor
        (legajo, id) 
    values
        (?, ?)
2025-06-06T04:26:16.671-03:00 DEBUG 38624 --- [           main] org.hibernate.SQL                        : 
    select
        u1_0.id,
        u1_0.tipo_usuario,
        u1_0.apellido,
        u1_0.email,
        u1_0.nombre,
        u1_0.num_telefono,
        u1_0.password,
        u1_1.cuit_entidad,
        u1_2.legajo,
        u1_3.dni,
        u1_3.fk_id_supervisor,
        u1_3.fk_tutor_externo,
        u1_3.legajo,
        u1_3.fk_cuit_entidad,
        u1_3.fk_titulo_proyecto 
    from
        usuario u1_0 
    left join
        admin_entidad u1_1 
            on u1_0.id=u1_1.id 
    left join
        docente_supervisor u1_2 
            on u1_0.id=u1_2.id 
    left join
        estudiante u1_3 
            on u1_0.id=u1_3.id 
    where
        u1_0.email=?
Hibernate: 
    select
        u1_0.id,
        u1_0.tipo_usuario,
        u1_0.apellido,
        u1_0.email,
        u1_0.nombre,
        u1_0.num_telefono,
        u1_0.password,
        u1_1.cuit_entidad,
        u1_2.legajo,
        u1_3.dni,
        u1_3.fk_id_supervisor,
        u1_3.fk_tutor_externo,
        u1_3.legajo,
        u1_3.fk_cuit_entidad,
        u1_3.fk_titulo_proyecto 
    from
        usuario u1_0 
    left join
        admin_entidad u1_1 
            on u1_0.id=u1_1.id 
    left join
        docente_supervisor u1_2 
            on u1_0.id=u1_2.id 
    left join
        estudiante u1_3 
            on u1_0.id=u1_3.id 
    where
        u1_0.email=?
2025-06-06T04:26:16.671-03:00 DEBUG 38624 --- [           main] org.hibernate.SQL                        : 
    insert 
    into
        usuario
        (apellido, email, nombre, num_telefono, password, tipo_usuario) 
    values
        (?, ?, ?, ?, ?, 'DOCENTE_SUPERVISOR')
Hibernate: 
    insert 
    into
        usuario
        (apellido, email, nombre, num_telefono, password, tipo_usuario) 
    values
        (?, ?, ?, ?, ?, 'DOCENTE_SUPERVISOR')
2025-06-06T04:26:16.673-03:00 DEBUG 38624 --- [           main] org.hibernate.SQL                        : 
    insert 
    into
        docente_supervisor
        (legajo, id) 
    values
        (?, ?)
Hibernate: 
    insert 
    into
        docente_supervisor
        (legajo, id) 
    values
        (?, ?)
2025-06-06T04:26:16.725-03:00 DEBUG 38624 --- [           main] org.hibernate.SQL                        : 
    select
        u1_0.id,
        u1_0.tipo_usuario,
        u1_0.apellido,
        u1_0.email,
        u1_0.nombre,
        u1_0.num_telefono,
        u1_0.password,
        u1_1.cuit_entidad,
        u1_2.legajo,
        u1_3.dni,
        u1_3.fk_id_supervisor,
        u1_3.fk_tutor_externo,
        u1_3.legajo,
        u1_3.fk_cuit_entidad,
        u1_3.fk_titulo_proyecto 
    from
        usuario u1_0 
    left join
        admin_entidad u1_1 
            on u1_0.id=u1_1.id 
    left join
        docente_supervisor u1_2 
            on u1_0.id=u1_2.id 
    left join
        estudiante u1_3 
            on u1_0.id=u1_3.id 
    where
        u1_0.email=?
Hibernate: 
    select
        u1_0.id,
        u1_0.tipo_usuario,
        u1_0.apellido,
        u1_0.email,
        u1_0.nombre,
        u1_0.num_telefono,
        u1_0.password,
        u1_1.cuit_entidad,
        u1_2.legajo,
        u1_3.dni,
        u1_3.fk_id_supervisor,
        u1_3.fk_tutor_externo,
        u1_3.legajo,
        u1_3.fk_cuit_entidad,
        u1_3.fk_titulo_proyecto 
    from
        usuario u1_0 
    left join
        admin_entidad u1_1 
            on u1_0.id=u1_1.id 
    left join
        docente_supervisor u1_2 
            on u1_0.id=u1_2.id 
    left join
        estudiante u1_3 
            on u1_0.id=u1_3.id 
    where
        u1_0.email=?
2025-06-06T04:26:16.726-03:00 DEBUG 38624 --- [           main] org.hibernate.SQL                        : 
    insert 
    into
        usuario
        (apellido, email, nombre, num_telefono, password, tipo_usuario) 
    values
        (?, ?, ?, ?, ?, 'TUTOR_EXTERNO')
Hibernate: 
    insert 
    into
        usuario
        (apellido, email, nombre, num_telefono, password, tipo_usuario) 
    values
        (?, ?, ?, ?, ?, 'TUTOR_EXTERNO')
2025-06-06T04:26:16.728-03:00 DEBUG 38624 --- [           main] org.hibernate.SQL                        : 
    insert 
    into
        tutor_externo
        (id) 
    values
        (?)
Hibernate: 
    insert 
    into
        tutor_externo
        (id) 
    values
        (?)
2025-06-06T04:26:16.736-03:00 DEBUG 38624 --- [           main] org.hibernate.SQL                        : 
    select
        e1_0.cuit,
        e1_0.email,
        e1_0.nombre,
        e1_0.tipo,
        e1_0.ubicacion 
    from
        entidad e1_0 
    where
        e1_0.cuit=?
Hibernate: 
    select
        e1_0.cuit,
        e1_0.email,
        e1_0.nombre,
        e1_0.tipo,
        e1_0.ubicacion 
    from
        entidad e1_0 
    where
        e1_0.cuit=?
2025-06-06T04:26:16.741-03:00 DEBUG 38624 --- [           main] org.hibernate.SQL                        : 
    insert 
    into
        entidad
        (email, nombre, tipo, ubicacion, cuit) 
    values
        (?, ?, ?, ?, ?)
Hibernate: 
    insert 
    into
        entidad
        (email, nombre, tipo, ubicacion, cuit) 
    values
        (?, ?, ?, ?, ?)
2025-06-06T04:26:16.744-03:00 DEBUG 38624 --- [           main] org.hibernate.SQL                        : 
    select
        e1_0.cuit,
        e1_0.email,
        e1_0.nombre,
        e1_0.tipo,
        e1_0.ubicacion 
    from
        entidad e1_0 
    where
        e1_0.cuit=?
Hibernate: 
    select
        e1_0.cuit,
        e1_0.email,
        e1_0.nombre,
        e1_0.tipo,
        e1_0.ubicacion 
    from
        entidad e1_0 
    where
        e1_0.cuit=?
2025-06-06T04:26:16.745-03:00 DEBUG 38624 --- [           main] org.hibernate.SQL                        : 
    insert 
    into
        entidad
        (email, nombre, tipo, ubicacion, cuit) 
    values
        (?, ?, ?, ?, ?)
Hibernate: 
    insert 
    into
        entidad
        (email, nombre, tipo, ubicacion, cuit) 
    values
        (?, ?, ?, ?, ?)
2025-06-06T04:26:16.753-03:00 DEBUG 38624 --- [           main] org.hibernate.SQL                        : 
    select
        p1_0.fk_cuit_entidad,
        p1_0.titulo,
        a1_0.nombre,
        p1_0.descripcion,
        e1_0.cuit,
        e1_0.email,
        e1_0.nombre,
        e1_0.tipo,
        e1_0.ubicacion,
        p1_0.estado,
        e2_0.id,
        e2_1.apellido,
        e2_1.email,
        e2_1.nombre,
        e2_1.num_telefono,
        e2_1.password,
        e2_0.dni,
        e2_0.fk_id_supervisor,
        e2_0.fk_tutor_externo,
        e2_0.legajo,
        p2_0.fk_cuit_entidad,
        p2_0.titulo,
        a2_0.nombre,
        p2_0.descripcion,
        e3_0.cuit,
        e3_0.email,
        e3_0.nombre,
        e3_0.tipo,
        e3_0.ubicacion,
        p2_0.estado,
        p2_0.estudiante_id,
        pdt1_0.numero,
        pdt1_0.proyecto_id_cuit,
        pdt1_0.proyecto_id_titulo,
        pdt1_0.fecha_fin,
        pdt1_0.fecha_inicio,
        a3_0.plan_numero,
        a3_0.plan_proyecto_cuit,
        a3_0.plan_proyecto_titulo,
        a3_0.numero,
        a3_0.descripcion,
        a3_0.docente_supervisor_id,
        ds1_0.id,
        ds1_1.apellido,
        ds1_1.email,
        ds1_1.nombre,
        ds1_1.num_telefono,
        ds1_1.password,
        ds1_0.legajo,
        a3_0.estado,
        a3_0.fecha_actualizacion,
        a3_0.fecha_creacion,
        a3_0.horas,
        a3_0.ruta_archivo,
        a3_0.titulo,
        p2_0.progreso,
        te1_0.id,
        te1_1.apellido,
        te1_1.email,
        te1_1.nombre,
        te1_1.num_telefono,
        te1_1.password,
        tu1_0.id,
        tu1_0.tipo_usuario,
        tu1_0.apellido,
        tu1_0.email,
        tu1_0.nombre,
        tu1_0.num_telefono,
        tu1_0.password,
        e5_0.cuit,
        e5_0.email,
        e5_0.nombre,
        e5_0.tipo,
        e5_0.ubicacion,
        tu1_2.legajo,
        tu1_3.dni,
        tu1_3.fk_id_supervisor,
        tu1_3.fk_tutor_externo,
        tu1_3.legajo,
        tu1_3.fk_cuit_entidad,
        tu1_3.fk_titulo_proyecto,
        pdt3_0.numero,
        pdt3_0.proyecto_id_cuit,
        pdt3_0.proyecto_id_titulo,
        pdt3_0.fecha_fin,
        pdt3_0.fecha_inicio,
        p1_0.progreso,
        te2_0.id,
        te2_1.apellido,
        te2_1.email,
        te2_1.nombre,
        te2_1.num_telefono,
        te2_1.password,
        tu2_0.id,
        tu2_0.tipo_usuario,
        tu2_0.apellido,
        tu2_0.email,
        tu2_0.nombre,
        tu2_0.num_telefono,
        tu2_0.password,
        e6_0.cuit,
        e6_0.email,
        e6_0.nombre,
        e6_0.tipo,
        e6_0.ubicacion,
        tu2_2.legajo,
        tu2_3.dni,
        tu2_3.fk_id_supervisor,
        tu2_3.fk_tutor_externo,
        tu2_3.legajo,
        p6_0.fk_cuit_entidad,
        p6_0.titulo,
        a4_0.nombre,
        p6_0.descripcion,
        e7_0.cuit,
        e7_0.email,
        e7_0.nombre,
        e7_0.tipo,
        e7_0.ubicacion,
        p6_0.estado,
        e8_0.id,
        e8_1.apellido,
        e8_1.email,
        e8_1.nombre,
        e8_1.num_telefono,
        e8_1.password,
        e8_0.dni,
        e8_0.fk_id_supervisor,
        e8_0.fk_tutor_externo,
        e8_0.legajo,
        e8_0.fk_cuit_entidad,
        e8_0.fk_titulo_proyecto,
        pdt4_0.numero,
        pdt4_0.proyecto_id_cuit,
        pdt4_0.proyecto_id_titulo,
        pdt4_0.fecha_fin,
        pdt4_0.fecha_inicio,
        p6_0.progreso,
        te3_0.id,
        te3_1.apellido,
        te3_1.email,
        te3_1.nombre,
        te3_1.num_telefono,
        te3_1.password,
        p6_0.tutor_unrn_id 
    from
        proyecto p1_0 
    left join
        area a1_0 
            on a1_0.nombre=p1_0.fk_nombre_area 
    join
        entidad e1_0 
            on e1_0.cuit=p1_0.fk_cuit_entidad 
    left join
        estudiante e2_0 
            on e2_0.id=p1_0.estudiante_id 
    left join
        usuario e2_1 
            on e2_0.id=e2_1.id 
    left join
        proyecto p2_0 
            on p2_0.fk_cuit_entidad=e2_0.fk_cuit_entidad 
            and p2_0.titulo=e2_0.fk_titulo_proyecto 
    left join
        area a2_0 
            on a2_0.nombre=p2_0.fk_nombre_area 
    left join
        entidad e3_0 
            on e3_0.cuit=p2_0.fk_cuit_entidad 
    left join
        plan_de_trabajo pdt1_0 
            on p2_0.fk_cuit_entidad=pdt1_0.proyecto_id_cuit 
            and p2_0.titulo=pdt1_0.proyecto_id_titulo 
    left join
        actividades a3_0 
            on pdt1_0.numero=a3_0.plan_numero 
            and pdt1_0.proyecto_id_cuit=a3_0.plan_proyecto_cuit 
            and pdt1_0.proyecto_id_titulo=a3_0.plan_proyecto_titulo 
    left join
        docente_supervisor ds1_0 
            on ds1_0.id=a3_0.docente_supervisor_id 
    left join
        usuario ds1_1 
            on ds1_0.id=ds1_1.id 
    left join
        tutor_externo te1_0 
            on te1_0.id=p2_0.tutor_externo_id 
    left join
        usuario te1_1 
            on te1_0.id=te1_1.id 
    left join
        usuario tu1_0 
            on tu1_0.id=p2_0.tutor_unrn_id 
    left join
        admin_entidad tu1_1 
            on tu1_0.id=tu1_1.id 
    left join
        docente_supervisor tu1_2 
            on tu1_0.id=tu1_2.id 
    left join
        estudiante tu1_3 
            on tu1_0.id=tu1_3.id 
    left join
        entidad e5_0 
            on e5_0.cuit=tu1_1.cuit_entidad 
    left join
        plan_de_trabajo pdt3_0 
            on p1_0.fk_cuit_entidad=pdt3_0.proyecto_id_cuit 
            and p1_0.titulo=pdt3_0.proyecto_id_titulo 
    left join
        tutor_externo te2_0 
            on te2_0.id=p1_0.tutor_externo_id 
    left join
        usuario te2_1 
            on te2_0.id=te2_1.id 
    left join
        usuario tu2_0 
            on tu2_0.id=p1_0.tutor_unrn_id 
    left join
        admin_entidad tu2_1 
            on tu2_0.id=tu2_1.id 
    left join
        docente_supervisor tu2_2 
            on tu2_0.id=tu2_2.id 
    left join
        estudiante tu2_3 
            on tu2_0.id=tu2_3.id 
    left join
        entidad e6_0 
            on e6_0.cuit=tu2_1.cuit_entidad 
    left join
        proyecto p6_0 
            on p6_0.fk_cuit_entidad=tu2_3.fk_cuit_entidad 
            and p6_0.titulo=tu2_3.fk_titulo_proyecto 
    left join
        area a4_0 
            on a4_0.nombre=p6_0.fk_nombre_area 
    left join
        entidad e7_0 
            on e7_0.cuit=p6_0.fk_cuit_entidad 
    left join
        estudiante e8_0 
            on e8_0.id=p6_0.estudiante_id 
    left join
        usuario e8_1 
            on e8_0.id=e8_1.id 
    left join
        plan_de_trabajo pdt4_0 
            on p6_0.fk_cuit_entidad=pdt4_0.proyecto_id_cuit 
            and p6_0.titulo=pdt4_0.proyecto_id_titulo 
    left join
        tutor_externo te3_0 
            on te3_0.id=p6_0.tutor_externo_id 
    left join
        usuario te3_1 
            on te3_0.id=te3_1.id 
    where
        (
            p1_0.fk_cuit_entidad, p1_0.titulo
        ) in ((?, ?))
Hibernate: 
    select
        p1_0.fk_cuit_entidad,
        p1_0.titulo,
        a1_0.nombre,
        p1_0.descripcion,
        e1_0.cuit,
        e1_0.email,
        e1_0.nombre,
        e1_0.tipo,
        e1_0.ubicacion,
        p1_0.estado,
        e2_0.id,
        e2_1.apellido,
        e2_1.email,
        e2_1.nombre,
        e2_1.num_telefono,
        e2_1.password,
        e2_0.dni,
        e2_0.fk_id_supervisor,
        e2_0.fk_tutor_externo,
        e2_0.legajo,
        p2_0.fk_cuit_entidad,
        p2_0.titulo,
        a2_0.nombre,
        p2_0.descripcion,
        e3_0.cuit,
        e3_0.email,
        e3_0.nombre,
        e3_0.tipo,
        e3_0.ubicacion,
        p2_0.estado,
        p2_0.estudiante_id,
        pdt1_0.numero,
        pdt1_0.proyecto_id_cuit,
        pdt1_0.proyecto_id_titulo,
        pdt1_0.fecha_fin,
        pdt1_0.fecha_inicio,
        a3_0.plan_numero,
        a3_0.plan_proyecto_cuit,
        a3_0.plan_proyecto_titulo,
        a3_0.numero,
        a3_0.descripcion,
        a3_0.docente_supervisor_id,
        ds1_0.id,
        ds1_1.apellido,
        ds1_1.email,
        ds1_1.nombre,
        ds1_1.num_telefono,
        ds1_1.password,
        ds1_0.legajo,
        a3_0.estado,
        a3_0.fecha_actualizacion,
        a3_0.fecha_creacion,
        a3_0.horas,
        a3_0.ruta_archivo,
        a3_0.titulo,
        p2_0.progreso,
        te1_0.id,
        te1_1.apellido,
        te1_1.email,
        te1_1.nombre,
        te1_1.num_telefono,
        te1_1.password,
        tu1_0.id,
        tu1_0.tipo_usuario,
        tu1_0.apellido,
        tu1_0.email,
        tu1_0.nombre,
        tu1_0.num_telefono,
        tu1_0.password,
        e5_0.cuit,
        e5_0.email,
        e5_0.nombre,
        e5_0.tipo,
        e5_0.ubicacion,
        tu1_2.legajo,
        tu1_3.dni,
        tu1_3.fk_id_supervisor,
        tu1_3.fk_tutor_externo,
        tu1_3.legajo,
        tu1_3.fk_cuit_entidad,
        tu1_3.fk_titulo_proyecto,
        pdt3_0.numero,
        pdt3_0.proyecto_id_cuit,
        pdt3_0.proyecto_id_titulo,
        pdt3_0.fecha_fin,
        pdt3_0.fecha_inicio,
        p1_0.progreso,
        te2_0.id,
        te2_1.apellido,
        te2_1.email,
        te2_1.nombre,
        te2_1.num_telefono,
        te2_1.password,
        tu2_0.id,
        tu2_0.tipo_usuario,
        tu2_0.apellido,
        tu2_0.email,
        tu2_0.nombre,
        tu2_0.num_telefono,
        tu2_0.password,
        e6_0.cuit,
        e6_0.email,
        e6_0.nombre,
        e6_0.tipo,
        e6_0.ubicacion,
        tu2_2.legajo,
        tu2_3.dni,
        tu2_3.fk_id_supervisor,
        tu2_3.fk_tutor_externo,
        tu2_3.legajo,
        p6_0.fk_cuit_entidad,
        p6_0.titulo,
        a4_0.nombre,
        p6_0.descripcion,
        e7_0.cuit,
        e7_0.email,
        e7_0.nombre,
        e7_0.tipo,
        e7_0.ubicacion,
        p6_0.estado,
        e8_0.id,
        e8_1.apellido,
        e8_1.email,
        e8_1.nombre,
        e8_1.num_telefono,
        e8_1.password,
        e8_0.dni,
        e8_0.fk_id_supervisor,
        e8_0.fk_tutor_externo,
        e8_0.legajo,
        e8_0.fk_cuit_entidad,
        e8_0.fk_titulo_proyecto,
        pdt4_0.numero,
        pdt4_0.proyecto_id_cuit,
        pdt4_0.proyecto_id_titulo,
        pdt4_0.fecha_fin,
        pdt4_0.fecha_inicio,
        p6_0.progreso,
        te3_0.id,
        te3_1.apellido,
        te3_1.email,
        te3_1.nombre,
        te3_1.num_telefono,
        te3_1.password,
        p6_0.tutor_unrn_id 
    from
        proyecto p1_0 
    left join
        area a1_0 
            on a1_0.nombre=p1_0.fk_nombre_area 
    join
        entidad e1_0 
            on e1_0.cuit=p1_0.fk_cuit_entidad 
    left join
        estudiante e2_0 
            on e2_0.id=p1_0.estudiante_id 
    left join
        usuario e2_1 
            on e2_0.id=e2_1.id 
    left join
        proyecto p2_0 
            on p2_0.fk_cuit_entidad=e2_0.fk_cuit_entidad 
            and p2_0.titulo=e2_0.fk_titulo_proyecto 
    left join
        area a2_0 
            on a2_0.nombre=p2_0.fk_nombre_area 
    left join
        entidad e3_0 
            on e3_0.cuit=p2_0.fk_cuit_entidad 
    left join
        plan_de_trabajo pdt1_0 
            on p2_0.fk_cuit_entidad=pdt1_0.proyecto_id_cuit 
            and p2_0.titulo=pdt1_0.proyecto_id_titulo 
    left join
        actividades a3_0 
            on pdt1_0.numero=a3_0.plan_numero 
            and pdt1_0.proyecto_id_cuit=a3_0.plan_proyecto_cuit 
            and pdt1_0.proyecto_id_titulo=a3_0.plan_proyecto_titulo 
    left join
        docente_supervisor ds1_0 
            on ds1_0.id=a3_0.docente_supervisor_id 
    left join
        usuario ds1_1 
            on ds1_0.id=ds1_1.id 
    left join
        tutor_externo te1_0 
            on te1_0.id=p2_0.tutor_externo_id 
    left join
        usuario te1_1 
            on te1_0.id=te1_1.id 
    left join
        usuario tu1_0 
            on tu1_0.id=p2_0.tutor_unrn_id 
    left join
        admin_entidad tu1_1 
            on tu1_0.id=tu1_1.id 
    left join
        docente_supervisor tu1_2 
            on tu1_0.id=tu1_2.id 
    left join
        estudiante tu1_3 
            on tu1_0.id=tu1_3.id 
    left join
        entidad e5_0 
            on e5_0.cuit=tu1_1.cuit_entidad 
    left join
        plan_de_trabajo pdt3_0 
            on p1_0.fk_cuit_entidad=pdt3_0.proyecto_id_cuit 
            and p1_0.titulo=pdt3_0.proyecto_id_titulo 
    left join
        tutor_externo te2_0 
            on te2_0.id=p1_0.tutor_externo_id 
    left join
        usuario te2_1 
            on te2_0.id=te2_1.id 
    left join
        usuario tu2_0 
            on tu2_0.id=p1_0.tutor_unrn_id 
    left join
        admin_entidad tu2_1 
            on tu2_0.id=tu2_1.id 
    left join
        docente_supervisor tu2_2 
            on tu2_0.id=tu2_2.id 
    left join
        estudiante tu2_3 
            on tu2_0.id=tu2_3.id 
    left join
        entidad e6_0 
            on e6_0.cuit=tu2_1.cuit_entidad 
    left join
        proyecto p6_0 
            on p6_0.fk_cuit_entidad=tu2_3.fk_cuit_entidad 
            and p6_0.titulo=tu2_3.fk_titulo_proyecto 
    left join
        area a4_0 
            on a4_0.nombre=p6_0.fk_nombre_area 
    left join
        entidad e7_0 
            on e7_0.cuit=p6_0.fk_cuit_entidad 
    left join
        estudiante e8_0 
            on e8_0.id=p6_0.estudiante_id 
    left join
        usuario e8_1 
            on e8_0.id=e8_1.id 
    left join
        plan_de_trabajo pdt4_0 
            on p6_0.fk_cuit_entidad=pdt4_0.proyecto_id_cuit 
            and p6_0.titulo=pdt4_0.proyecto_id_titulo 
    left join
        tutor_externo te3_0 
            on te3_0.id=p6_0.tutor_externo_id 
    left join
        usuario te3_1 
            on te3_0.id=te3_1.id 
    where
        (
            p1_0.fk_cuit_entidad, p1_0.titulo
        ) in ((?, ?))
2025-06-06T04:26:16.766-03:00 DEBUG 38624 --- [           main] org.hibernate.SQL                        : 
    select
        e1_0.cuit,
        e1_0.email,
        e1_0.nombre,
        e1_0.tipo,
        e1_0.ubicacion 
    from
        entidad e1_0 
    where
        e1_0.cuit=?
Hibernate: 
    select
        e1_0.cuit,
        e1_0.email,
        e1_0.nombre,
        e1_0.tipo,
        e1_0.ubicacion 
    from
        entidad e1_0 
    where
        e1_0.cuit=?
2025-06-06T04:26:16.774-03:00 DEBUG 38624 --- [           main] org.hibernate.SQL                        : 
    select
        e1_0.id,
        e1_1.apellido,
        e1_1.email,
        e1_1.nombre,
        e1_1.num_telefono,
        e1_1.password,
        e1_0.dni,
        e1_0.fk_id_supervisor,
        e1_0.fk_tutor_externo,
        e1_0.legajo,
        p1_0.fk_cuit_entidad,
        p1_0.titulo,
        a1_0.nombre,
        p1_0.descripcion,
        e2_0.cuit,
        e2_0.email,
        e2_0.nombre,
        e2_0.tipo,
        e2_0.ubicacion,
        p1_0.estado,
        e3_0.id,
        e3_1.apellido,
        e3_1.email,
        e3_1.nombre,
        e3_1.num_telefono,
        e3_1.password,
        e3_0.dni,
        e3_0.fk_id_supervisor,
        e3_0.fk_tutor_externo,
        e3_0.legajo,
        e3_0.fk_cuit_entidad,
        e3_0.fk_titulo_proyecto,
        pdt1_0.numero,
        pdt1_0.proyecto_id_cuit,
        pdt1_0.proyecto_id_titulo,
        pdt1_0.fecha_fin,
        pdt1_0.fecha_inicio,
        p1_0.progreso,
        te1_0.id,
        te1_1.apellido,
        te1_1.email,
        te1_1.nombre,
        te1_1.num_telefono,
        te1_1.password,
        tu1_0.id,
        tu1_0.tipo_usuario,
        tu1_0.apellido,
        tu1_0.email,
        tu1_0.nombre,
        tu1_0.num_telefono,
        tu1_0.password,
        e4_0.cuit,
        e4_0.email,
        e4_0.nombre,
        e4_0.tipo,
        e4_0.ubicacion,
        tu1_2.legajo,
        tu1_3.dni,
        tu1_3.fk_id_supervisor,
        tu1_3.fk_tutor_externo,
        tu1_3.legajo,
        tu1_3.fk_cuit_entidad,
        tu1_3.fk_titulo_proyecto 
    from
        estudiante e1_0 
    join
        usuario e1_1 
            on e1_0.id=e1_1.id 
    left join
        proyecto p1_0 
            on p1_0.fk_cuit_entidad=e1_0.fk_cuit_entidad 
            and p1_0.titulo=e1_0.fk_titulo_proyecto 
    left join
        area a1_0 
            on a1_0.nombre=p1_0.fk_nombre_area 
    left join
        entidad e2_0 
            on e2_0.cuit=p1_0.fk_cuit_entidad 
    left join
        estudiante e3_0 
            on e3_0.id=p1_0.estudiante_id 
    left join
        usuario e3_1 
            on e3_0.id=e3_1.id 
    left join
        plan_de_trabajo pdt1_0 
            on p1_0.fk_cuit_entidad=pdt1_0.proyecto_id_cuit 
            and p1_0.titulo=pdt1_0.proyecto_id_titulo 
    left join
        tutor_externo te1_0 
            on te1_0.id=p1_0.tutor_externo_id 
    left join
        usuario te1_1 
            on te1_0.id=te1_1.id 
    left join
        usuario tu1_0 
            on tu1_0.id=p1_0.tutor_unrn_id 
    left join
        admin_entidad tu1_1 
            on tu1_0.id=tu1_1.id 
    left join
        docente_supervisor tu1_2 
            on tu1_0.id=tu1_2.id 
    left join
        estudiante tu1_3 
            on tu1_0.id=tu1_3.id 
    left join
        entidad e4_0 
            on e4_0.cuit=tu1_1.cuit_entidad 
    where
        e1_0.id=?
Hibernate: 
    select
        e1_0.id,
        e1_1.apellido,
        e1_1.email,
        e1_1.nombre,
        e1_1.num_telefono,
        e1_1.password,
        e1_0.dni,
        e1_0.fk_id_supervisor,
        e1_0.fk_tutor_externo,
        e1_0.legajo,
        p1_0.fk_cuit_entidad,
        p1_0.titulo,
        a1_0.nombre,
        p1_0.descripcion,
        e2_0.cuit,
        e2_0.email,
        e2_0.nombre,
        e2_0.tipo,
        e2_0.ubicacion,
        p1_0.estado,
        e3_0.id,
        e3_1.apellido,
        e3_1.email,
        e3_1.nombre,
        e3_1.num_telefono,
        e3_1.password,
        e3_0.dni,
        e3_0.fk_id_supervisor,
        e3_0.fk_tutor_externo,
        e3_0.legajo,
        e3_0.fk_cuit_entidad,
        e3_0.fk_titulo_proyecto,
        pdt1_0.numero,
        pdt1_0.proyecto_id_cuit,
        pdt1_0.proyecto_id_titulo,
        pdt1_0.fecha_fin,
        pdt1_0.fecha_inicio,
        p1_0.progreso,
        te1_0.id,
        te1_1.apellido,
        te1_1.email,
        te1_1.nombre,
        te1_1.num_telefono,
        te1_1.password,
        tu1_0.id,
        tu1_0.tipo_usuario,
        tu1_0.apellido,
        tu1_0.email,
        tu1_0.nombre,
        tu1_0.num_telefono,
        tu1_0.password,
        e4_0.cuit,
        e4_0.email,
        e4_0.nombre,
        e4_0.tipo,
        e4_0.ubicacion,
        tu1_2.legajo,
        tu1_3.dni,
        tu1_3.fk_id_supervisor,
        tu1_3.fk_tutor_externo,
        tu1_3.legajo,
        tu1_3.fk_cuit_entidad,
        tu1_3.fk_titulo_proyecto 
    from
        estudiante e1_0 
    join
        usuario e1_1 
            on e1_0.id=e1_1.id 
    left join
        proyecto p1_0 
            on p1_0.fk_cuit_entidad=e1_0.fk_cuit_entidad 
            and p1_0.titulo=e1_0.fk_titulo_proyecto 
    left join
        area a1_0 
            on a1_0.nombre=p1_0.fk_nombre_area 
    left join
        entidad e2_0 
            on e2_0.cuit=p1_0.fk_cuit_entidad 
    left join
        estudiante e3_0 
            on e3_0.id=p1_0.estudiante_id 
    left join
        usuario e3_1 
            on e3_0.id=e3_1.id 
    left join
        plan_de_trabajo pdt1_0 
            on p1_0.fk_cuit_entidad=pdt1_0.proyecto_id_cuit 
            and p1_0.titulo=pdt1_0.proyecto_id_titulo 
    left join
        tutor_externo te1_0 
            on te1_0.id=p1_0.tutor_externo_id 
    left join
        usuario te1_1 
            on te1_0.id=te1_1.id 
    left join
        usuario tu1_0 
            on tu1_0.id=p1_0.tutor_unrn_id 
    left join
        admin_entidad tu1_1 
            on tu1_0.id=tu1_1.id 
    left join
        docente_supervisor tu1_2 
            on tu1_0.id=tu1_2.id 
    left join
        estudiante tu1_3 
            on tu1_0.id=tu1_3.id 
    left join
        entidad e4_0 
            on e4_0.cuit=tu1_1.cuit_entidad 
    where
        e1_0.id=?
2025-06-06T04:26:16.783-03:00 DEBUG 38624 --- [           main] org.hibernate.SQL                        : 
    select
        u1_0.id,
        u1_0.tipo_usuario,
        u1_0.apellido,
        u1_0.email,
        u1_0.nombre,
        u1_0.num_telefono,
        u1_0.password,
        e1_0.cuit,
        e1_0.email,
        e1_0.nombre,
        e1_0.tipo,
        e1_0.ubicacion,
        u1_2.legajo,
        u1_3.dni,
        u1_3.fk_id_supervisor,
        u1_3.fk_tutor_externo,
        u1_3.legajo,
        p1_0.fk_cuit_entidad,
        p1_0.titulo,
        a1_0.nombre,
        p1_0.descripcion,
        e2_0.cuit,
        e2_0.email,
        e2_0.nombre,
        e2_0.tipo,
        e2_0.ubicacion,
        p1_0.estado,
        e3_0.id,
        e3_1.apellido,
        e3_1.email,
        e3_1.nombre,
        e3_1.num_telefono,
        e3_1.password,
        e3_0.dni,
        e3_0.fk_id_supervisor,
        e3_0.fk_tutor_externo,
        e3_0.legajo,
        e3_0.fk_cuit_entidad,
        e3_0.fk_titulo_proyecto,
        pdt1_0.numero,
        pdt1_0.proyecto_id_cuit,
        pdt1_0.proyecto_id_titulo,
        pdt1_0.fecha_fin,
        pdt1_0.fecha_inicio,
        p1_0.progreso,
        te1_0.id,
        te1_1.apellido,
        te1_1.email,
        te1_1.nombre,
        te1_1.num_telefono,
        te1_1.password,
        tu1_0.id,
        tu1_0.tipo_usuario,
        tu1_0.apellido,
        tu1_0.email,
        tu1_0.nombre,
        tu1_0.num_telefono,
        tu1_0.password,
        e4_0.cuit,
        e4_0.email,
        e4_0.nombre,
        e4_0.tipo,
        e4_0.ubicacion,
        tu1_2.legajo,
        tu1_3.dni,
        tu1_3.fk_id_supervisor,
        tu1_3.fk_tutor_externo,
        tu1_3.legajo,
        tu1_3.fk_cuit_entidad,
        tu1_3.fk_titulo_proyecto 
    from
        usuario u1_0 
    left join
        admin_entidad u1_1 
            on u1_0.id=u1_1.id 
    left join
        docente_supervisor u1_2 
            on u1_0.id=u1_2.id 
    left join
        estudiante u1_3 
            on u1_0.id=u1_3.id 
    left join
        entidad e1_0 
            on e1_0.cuit=u1_1.cuit_entidad 
    left join
        proyecto p1_0 
            on p1_0.fk_cuit_entidad=u1_3.fk_cuit_entidad 
            and p1_0.titulo=u1_3.fk_titulo_proyecto 
    left join
        area a1_0 
            on a1_0.nombre=p1_0.fk_nombre_area 
    left join
        entidad e2_0 
            on e2_0.cuit=p1_0.fk_cuit_entidad 
    left join
        estudiante e3_0 
            on e3_0.id=p1_0.estudiante_id 
    left join
        usuario e3_1 
            on e3_0.id=e3_1.id 
    left join
        plan_de_trabajo pdt1_0 
            on p1_0.fk_cuit_entidad=pdt1_0.proyecto_id_cuit 
            and p1_0.titulo=pdt1_0.proyecto_id_titulo 
    left join
        tutor_externo te1_0 
            on te1_0.id=p1_0.tutor_externo_id 
    left join
        usuario te1_1 
            on te1_0.id=te1_1.id 
    left join
        usuario tu1_0 
            on tu1_0.id=p1_0.tutor_unrn_id 
    left join
        admin_entidad tu1_1 
            on tu1_0.id=tu1_1.id 
    left join
        docente_supervisor tu1_2 
            on tu1_0.id=tu1_2.id 
    left join
        estudiante tu1_3 
            on tu1_0.id=tu1_3.id 
    left join
        entidad e4_0 
            on e4_0.cuit=tu1_1.cuit_entidad 
    where
        u1_0.id=?
Hibernate: 
    select
        u1_0.id,
        u1_0.tipo_usuario,
        u1_0.apellido,
        u1_0.email,
        u1_0.nombre,
        u1_0.num_telefono,
        u1_0.password,
        e1_0.cuit,
        e1_0.email,
        e1_0.nombre,
        e1_0.tipo,
        e1_0.ubicacion,
        u1_2.legajo,
        u1_3.dni,
        u1_3.fk_id_supervisor,
        u1_3.fk_tutor_externo,
        u1_3.legajo,
        p1_0.fk_cuit_entidad,
        p1_0.titulo,
        a1_0.nombre,
        p1_0.descripcion,
        e2_0.cuit,
        e2_0.email,
        e2_0.nombre,
        e2_0.tipo,
        e2_0.ubicacion,
        p1_0.estado,
        e3_0.id,
        e3_1.apellido,
        e3_1.email,
        e3_1.nombre,
        e3_1.num_telefono,
        e3_1.password,
        e3_0.dni,
        e3_0.fk_id_supervisor,
        e3_0.fk_tutor_externo,
        e3_0.legajo,
        e3_0.fk_cuit_entidad,
        e3_0.fk_titulo_proyecto,
        pdt1_0.numero,
        pdt1_0.proyecto_id_cuit,
        pdt1_0.proyecto_id_titulo,
        pdt1_0.fecha_fin,
        pdt1_0.fecha_inicio,
        p1_0.progreso,
        te1_0.id,
        te1_1.apellido,
        te1_1.email,
        te1_1.nombre,
        te1_1.num_telefono,
        te1_1.password,
        tu1_0.id,
        tu1_0.tipo_usuario,
        tu1_0.apellido,
        tu1_0.email,
        tu1_0.nombre,
        tu1_0.num_telefono,
        tu1_0.password,
        e4_0.cuit,
        e4_0.email,
        e4_0.nombre,
        e4_0.tipo,
        e4_0.ubicacion,
        tu1_2.legajo,
        tu1_3.dni,
        tu1_3.fk_id_supervisor,
        tu1_3.fk_tutor_externo,
        tu1_3.legajo,
        tu1_3.fk_cuit_entidad,
        tu1_3.fk_titulo_proyecto 
    from
        usuario u1_0 
    left join
        admin_entidad u1_1 
            on u1_0.id=u1_1.id 
    left join
        docente_supervisor u1_2 
            on u1_0.id=u1_2.id 
    left join
        estudiante u1_3 
            on u1_0.id=u1_3.id 
    left join
        entidad e1_0 
            on e1_0.cuit=u1_1.cuit_entidad 
    left join
        proyecto p1_0 
            on p1_0.fk_cuit_entidad=u1_3.fk_cuit_entidad 
            and p1_0.titulo=u1_3.fk_titulo_proyecto 
    left join
        area a1_0 
            on a1_0.nombre=p1_0.fk_nombre_area 
    left join
        entidad e2_0 
            on e2_0.cuit=p1_0.fk_cuit_entidad 
    left join
        estudiante e3_0 
            on e3_0.id=p1_0.estudiante_id 
    left join
        usuario e3_1 
            on e3_0.id=e3_1.id 
    left join
        plan_de_trabajo pdt1_0 
            on p1_0.fk_cuit_entidad=pdt1_0.proyecto_id_cuit 
            and p1_0.titulo=pdt1_0.proyecto_id_titulo 
    left join
        tutor_externo te1_0 
            on te1_0.id=p1_0.tutor_externo_id 
    left join
        usuario te1_1 
            on te1_0.id=te1_1.id 
    left join
        usuario tu1_0 
            on tu1_0.id=p1_0.tutor_unrn_id 
    left join
        admin_entidad tu1_1 
            on tu1_0.id=tu1_1.id 
    left join
        docente_supervisor tu1_2 
            on tu1_0.id=tu1_2.id 
    left join
        estudiante tu1_3 
            on tu1_0.id=tu1_3.id 
    left join
        entidad e4_0 
            on e4_0.cuit=tu1_1.cuit_entidad 
    where
        u1_0.id=?
2025-06-06T04:26:16.793-03:00 DEBUG 38624 --- [           main] org.hibernate.SQL                        : 
    insert 
    into
        proyecto
        (fk_nombre_area, descripcion, estado, estudiante_id, progreso, tutor_externo_id, tutor_unrn_id, fk_cuit_entidad, titulo) 
    values
        (?, ?, ?, ?, ?, ?, ?, ?, ?)
Hibernate: 
    insert 
    into
        proyecto
        (fk_nombre_area, descripcion, estado, estudiante_id, progreso, tutor_externo_id, tutor_unrn_id, fk_cuit_entidad, titulo) 
    values
        (?, ?, ?, ?, ?, ?, ?, ?, ?)
2025-06-06T04:26:16.806-03:00 DEBUG 38624 --- [           main] org.hibernate.SQL                        : 
    select
        pdt1_0.numero,
        pdt1_0.proyecto_id_cuit,
        pdt1_0.proyecto_id_titulo,
        pdt1_0.fecha_fin,
        pdt1_0.fecha_inicio,
        p1_0.fk_cuit_entidad,
        p1_0.titulo,
        a1_0.nombre,
        p1_0.descripcion,
        e1_0.cuit,
        e1_0.email,
        e1_0.nombre,
        e1_0.tipo,
        e1_0.ubicacion,
        p1_0.estado,
        e2_0.id,
        e2_1.apellido,
        e2_1.email,
        e2_1.nombre,
        e2_1.num_telefono,
        e2_1.password,
        e2_0.dni,
        e2_0.fk_id_supervisor,
        e2_0.fk_tutor_externo,
        e2_0.legajo,
        p2_0.fk_cuit_entidad,
        p2_0.titulo,
        a2_0.nombre,
        p2_0.descripcion,
        e3_0.cuit,
        e3_0.email,
        e3_0.nombre,
        e3_0.tipo,
        e3_0.ubicacion,
        p2_0.estado,
        p2_0.estudiante_id,
        p2_0.progreso,
        te1_0.id,
        te1_1.apellido,
        te1_1.email,
        te1_1.nombre,
        te1_1.num_telefono,
        te1_1.password,
        tu1_0.id,
        tu1_0.tipo_usuario,
        tu1_0.apellido,
        tu1_0.email,
        tu1_0.nombre,
        tu1_0.num_telefono,
        tu1_0.password,
        e5_0.cuit,
        e5_0.email,
        e5_0.nombre,
        e5_0.tipo,
        e5_0.ubicacion,
        tu1_2.legajo,
        tu1_3.dni,
        tu1_3.fk_id_supervisor,
        tu1_3.fk_tutor_externo,
        tu1_3.legajo,
        tu1_3.fk_cuit_entidad,
        tu1_3.fk_titulo_proyecto,
        i1_0.fk_id_estudiante,
        i1_0.numero,
        a3_0.numero,
        a3_0.plan_numero,
        a3_0.plan_proyecto_cuit,
        a3_0.plan_proyecto_titulo,
        a3_0.descripcion,
        a3_0.docente_supervisor_id,
        ds1_0.id,
        ds1_1.apellido,
        ds1_1.email,
        ds1_1.nombre,
        ds1_1.num_telefono,
        ds1_1.password,
        ds1_0.legajo,
        a3_0.estado,
        a3_0.fecha_actualizacion,
        a3_0.fecha_creacion,
        a3_0.horas,
        a3_0.ruta_archivo,
        a3_0.titulo,
        i1_0.fecha,
        i1_0.ruta,
        i1_0.titulo,
        p1_0.progreso,
        te2_0.id,
        te2_1.apellido,
        te2_1.email,
        te2_1.nombre,
        te2_1.num_telefono,
        te2_1.password,
        tu2_0.id,
        tu2_0.tipo_usuario,
        tu2_0.apellido,
        tu2_0.email,
        tu2_0.nombre,
        tu2_0.num_telefono,
        tu2_0.password,
        e7_0.cuit,
        e7_0.email,
        e7_0.nombre,
        e7_0.tipo,
        e7_0.ubicacion,
        tu2_2.legajo,
        tu2_3.dni,
        tu2_3.fk_id_supervisor,
        tu2_3.fk_tutor_externo,
        tu2_3.legajo,
        p4_0.fk_cuit_entidad,
        p4_0.titulo,
        a4_0.nombre,
        p4_0.descripcion,
        e8_0.cuit,
        e8_0.email,
        e8_0.nombre,
        e8_0.tipo,
        e8_0.ubicacion,
        p4_0.estado,
        e9_0.id,
        e9_1.apellido,
        e9_1.email,
        e9_1.nombre,
        e9_1.num_telefono,
        e9_1.password,
        e9_0.dni,
        e9_0.fk_id_supervisor,
        e9_0.fk_tutor_externo,
        e9_0.legajo,
        e9_0.fk_cuit_entidad,
        e9_0.fk_titulo_proyecto,
        p4_0.progreso,
        te3_0.id,
        te3_1.apellido,
        te3_1.email,
        te3_1.nombre,
        te3_1.num_telefono,
        te3_1.password,
        p4_0.tutor_unrn_id 
    from
        plan_de_trabajo pdt1_0 
    join
        proyecto p1_0 
            on p1_0.fk_cuit_entidad=pdt1_0.proyecto_id_cuit 
[...]
        e1_0.titulo,
        e2_0.id,
        e2_1.apellido,
        e2_1.email,
        e2_1.nombre,
        e2_1.num_telefono,
        e2_1.password,
        e2_0.dni,
        e2_0.fk_id_supervisor,
        e2_0.fk_tutor_externo,
        e2_0.legajo,
        p1_0.fk_cuit_entidad,
        p1_0.titulo,
        a2_0.nombre,
        p1_0.descripcion,
        e3_0.cuit,
        e3_0.email,
        e3_0.nombre,
        e3_0.tipo,
        e3_0.ubicacion,
        p1_0.estado,
        e4_0.id,
        e4_1.apellido,
        e4_1.email,
        e4_1.nombre,
        e4_1.num_telefono,
        e4_1.password,
        e4_0.dni,
        e4_0.fk_id_supervisor,
        e4_0.fk_tutor_externo,
        e4_0.legajo,
        e4_0.fk_cuit_entidad,
        e4_0.fk_titulo_proyecto,
        pdt2_0.numero,
        pdt2_0.proyecto_id_cuit,
        pdt2_0.proyecto_id_titulo,
        pdt2_0.fecha_fin,
        pdt2_0.fecha_inicio,
        p1_0.progreso,
        te1_0.id,
        te1_1.apellido,
        te1_1.email,
        te1_1.nombre,
        te1_1.num_telefono,
        te1_1.password,
        tu1_0.id,
        tu1_0.tipo_usuario,
        tu1_0.apellido,
        tu1_0.email,
        tu1_0.nombre,
        tu1_0.num_telefono,
        tu1_0.password,
        e5_0.cuit,
        e5_0.email,
        e5_0.nombre,
        e5_0.tipo,
        e5_0.ubicacion,
        tu1_2.legajo,
        tu1_3.dni,
        tu1_3.fk_id_supervisor,
        tu1_3.fk_tutor_externo,
        tu1_3.legajo,
        tu1_3.fk_cuit_entidad,
        tu1_3.fk_titulo_proyecto,
        i1_0.fecha,
        i1_0.ruta,
        i1_0.titulo 
    from
        informe i1_0 
    left join
        actividades a1_0 
            on a1_0.numero=i1_0.fk_numero_actividad 
            and a1_0.plan_numero=i1_0.plan_numero 
            and a1_0.plan_proyecto_cuit=i1_0.plan_proyecto_cuit 
            and a1_0.plan_proyecto_titulo=i1_0.plan_proyecto_titulo 
    left join
        docente_supervisor ds1_0 
            on ds1_0.id=a1_0.docente_supervisor_id 
    left join
        usuario ds1_1 
            on ds1_0.id=ds1_1.id 
    left join
        entrega e1_0 
            on a1_0.numero=e1_0.actividad_numero 
            and a1_0.plan_numero=e1_0.plan_numero 
            and a1_0.plan_proyecto_cuit=e1_0.plan_proyecto_cuit 
            and a1_0.plan_proyecto_titulo=e1_0.plan_proyecto_titulo 
    join
        estudiante e2_0 
            on e2_0.id=i1_0.fk_id_estudiante 
    join
        usuario e2_1 
            on e2_0.id=e2_1.id 
    left join
        proyecto p1_0 
            on p1_0.fk_cuit_entidad=e2_0.fk_cuit_entidad 
            and p1_0.titulo=e2_0.fk_titulo_proyecto 
    left join
        area a2_0 
            on a2_0.nombre=p1_0.fk_nombre_area 
    left join
        entidad e3_0 
            on e3_0.cuit=p1_0.fk_cuit_entidad 
    left join
        estudiante e4_0 
            on e4_0.id=p1_0.estudiante_id 
    left join
        usuario e4_1 
            on e4_0.id=e4_1.id 
    left join
        plan_de_trabajo pdt2_0 
            on p1_0.fk_cuit_entidad=pdt2_0.proyecto_id_cuit 
            and p1_0.titulo=pdt2_0.proyecto_id_titulo 
    left join
        tutor_externo te1_0 
            on te1_0.id=p1_0.tutor_externo_id 
    left join
        usuario te1_1 
            on te1_0.id=te1_1.id 
    left join
        usuario tu1_0 
            on tu1_0.id=p1_0.tutor_unrn_id 
    left join
        admin_entidad tu1_1 
            on tu1_0.id=tu1_1.id 
    left join
        docente_supervisor tu1_2 
            on tu1_0.id=tu1_2.id 
    left join
        estudiante tu1_3 
            on tu1_0.id=tu1_3.id 
    left join
        entidad e5_0 
            on e5_0.cuit=tu1_1.cuit_entidad 
    where
        (
            i1_0.fk_id_estudiante, i1_0.numero
        ) in ((?, ?))
Hibernate: 
    select
        i1_0.fk_id_estudiante,
        i1_0.numero,
        a1_0.numero,
        a1_0.plan_numero,
        a1_0.plan_proyecto_cuit,
        a1_0.plan_proyecto_titulo,
        a1_0.descripcion,
        a1_0.docente_supervisor_id,
        ds1_0.id,
        ds1_1.apellido,
        ds1_1.email,
        ds1_1.nombre,
        ds1_1.num_telefono,
        ds1_1.password,
        ds1_0.legajo,
        a1_0.estado,
        a1_0.fecha_actualizacion,
        a1_0.fecha_creacion,
        a1_0.horas,
        a1_0.ruta_archivo,
        a1_0.titulo,
        e1_0.actividad_numero,
        e1_0.plan_numero,
        e1_0.plan_proyecto_cuit,
        e1_0.plan_proyecto_titulo,
        e1_0.id,
        e1_0.archivo_url,
        e1_0.comentarios,
        e1_0.descripcion,
        e1_0.estado,
        e1_0.fecha_entrega,
        e1_0.fecha_limite,
        e1_0.tamano_archivo,
        e1_0.titulo,
        e2_0.id,
        e2_1.apellido,
        e2_1.email,
        e2_1.nombre,
        e2_1.num_telefono,
        e2_1.password,
        e2_0.dni,
        e2_0.fk_id_supervisor,
        e2_0.fk_tutor_externo,
        e2_0.legajo,
        p1_0.fk_cuit_entidad,
        p1_0.titulo,
        a2_0.nombre,
        p1_0.descripcion,
        e3_0.cuit,
        e3_0.email,
        e3_0.nombre,
        e3_0.tipo,
        e3_0.ubicacion,
        p1_0.estado,
        e4_0.id,
        e4_1.apellido,
        e4_1.email,
        e4_1.nombre,
        e4_1.num_telefono,
        e4_1.password,
        e4_0.dni,
        e4_0.fk_id_supervisor,
        e4_0.fk_tutor_externo,
        e4_0.legajo,
        e4_0.fk_cuit_entidad,
        e4_0.fk_titulo_proyecto,
        pdt2_0.numero,
        pdt2_0.proyecto_id_cuit,
        pdt2_0.proyecto_id_titulo,
        pdt2_0.fecha_fin,
        pdt2_0.fecha_inicio,
        p1_0.progreso,
        te1_0.id,
        te1_1.apellido,
        te1_1.email,
        te1_1.nombre,
        te1_1.num_telefono,
        te1_1.password,
        tu1_0.id,
        tu1_0.tipo_usuario,
        tu1_0.apellido,
        tu1_0.email,
        tu1_0.nombre,
        tu1_0.num_telefono,
        tu1_0.password,
        e5_0.cuit,
        e5_0.email,
        e5_0.nombre,
        e5_0.tipo,
        e5_0.ubicacion,
        tu1_2.legajo,
        tu1_3.dni,
        tu1_3.fk_id_supervisor,
        tu1_3.fk_tutor_externo,
        tu1_3.legajo,
        tu1_3.fk_cuit_entidad,
        tu1_3.fk_titulo_proyecto,
        i1_0.fecha,
        i1_0.ruta,
        i1_0.titulo 
    from
        informe i1_0 
    left join
        actividades a1_0 
            on a1_0.numero=i1_0.fk_numero_actividad 
            and a1_0.plan_numero=i1_0.plan_numero 
            and a1_0.plan_proyecto_cuit=i1_0.plan_proyecto_cuit 
            and a1_0.plan_proyecto_titulo=i1_0.plan_proyecto_titulo 
    left join
        docente_supervisor ds1_0 
            on ds1_0.id=a1_0.docente_supervisor_id 
    left join
        usuario ds1_1 
            on ds1_0.id=ds1_1.id 
    left join
        entrega e1_0 
            on a1_0.numero=e1_0.actividad_numero 
            and a1_0.plan_numero=e1_0.plan_numero 
            and a1_0.plan_proyecto_cuit=e1_0.plan_proyecto_cuit 
            and a1_0.plan_proyecto_titulo=e1_0.plan_proyecto_titulo 
    join
        estudiante e2_0 
            on e2_0.id=i1_0.fk_id_estudiante 
    join
        usuario e2_1 
            on e2_0.id=e2_1.id 
    left join
        proyecto p1_0 
            on p1_0.fk_cuit_entidad=e2_0.fk_cuit_entidad 
            and p1_0.titulo=e2_0.fk_titulo_proyecto 
    left join
        area a2_0 
            on a2_0.nombre=p1_0.fk_nombre_area 
    left join
        entidad e3_0 
            on e3_0.cuit=p1_0.fk_cuit_entidad 
    left join
        estudiante e4_0 
            on e4_0.id=p1_0.estudiante_id 
    left join
        usuario e4_1 
            on e4_0.id=e4_1.id 
    left join
        plan_de_trabajo pdt2_0 
            on p1_0.fk_cuit_entidad=pdt2_0.proyecto_id_cuit 
            and p1_0.titulo=pdt2_0.proyecto_id_titulo 
    left join
        tutor_externo te1_0 
            on te1_0.id=p1_0.tutor_externo_id 
    left join
        usuario te1_1 
            on te1_0.id=te1_1.id 
    left join
        usuario tu1_0 
            on tu1_0.id=p1_0.tutor_unrn_id 
    left join
        admin_entidad tu1_1 
            on tu1_0.id=tu1_1.id 
    left join
        docente_supervisor tu1_2 
            on tu1_0.id=tu1_2.id 
    left join
        estudiante tu1_3 
            on tu1_0.id=tu1_3.id 
    left join
        entidad e5_0 
            on e5_0.cuit=tu1_1.cuit_entidad 
    where
        (
            i1_0.fk_id_estudiante, i1_0.numero
        ) in ((?, ?))
2025-06-06T04:26:16.857-03:00 DEBUG 38624 --- [           main] org.hibernate.SQL                        : 
    select
        a1_0.numero,
        a1_0.plan_numero,
        a1_0.plan_proyecto_cuit,
        a1_0.plan_proyecto_titulo,
        a1_0.descripcion,
        a1_0.docente_supervisor_id,
        ds1_0.id,
        ds1_1.apellido,
        ds1_1.email,
        ds1_1.nombre,
        ds1_1.num_telefono,
        ds1_1.password,
        ds1_0.legajo,
        a1_0.estado,
        a1_0.fecha_actualizacion,
        a1_0.fecha_creacion,
        a1_0.horas,
        a1_0.ruta_archivo,
        a1_0.titulo 
    from
        actividades a1_0 
    join
        docente_supervisor ds1_0 
            on ds1_0.id=a1_0.docente_supervisor_id 
    join
        usuario ds1_1 
            on ds1_0.id=ds1_1.id 
    where
        (
            a1_0.numero, a1_0.plan_numero, a1_0.plan_proyecto_cuit, a1_0.plan_proyecto_titulo
        ) in ((?, ?, ?, ?))
Hibernate: 
    select
        a1_0.numero,
        a1_0.plan_numero,
        a1_0.plan_proyecto_cuit,
        a1_0.plan_proyecto_titulo,
        a1_0.descripcion,
        a1_0.docente_supervisor_id,
        ds1_0.id,
        ds1_1.apellido,
        ds1_1.email,
        ds1_1.nombre,
        ds1_1.num_telefono,
        ds1_1.password,
        ds1_0.legajo,
        a1_0.estado,
        a1_0.fecha_actualizacion,
        a1_0.fecha_creacion,
        a1_0.horas,
        a1_0.ruta_archivo,
        a1_0.titulo 
    from
        actividades a1_0 
    join
        docente_supervisor ds1_0 
            on ds1_0.id=a1_0.docente_supervisor_id 
    join
        usuario ds1_1 
            on ds1_0.id=ds1_1.id 
    where
        (
            a1_0.numero, a1_0.plan_numero, a1_0.plan_proyecto_cuit, a1_0.plan_proyecto_titulo
        ) in ((?, ?, ?, ?))
2025-06-06T04:26:16.862-03:00 DEBUG 38624 --- [           main] org.hibernate.SQL                        : 
    select
        e1_0.id,
        e1_1.apellido,
        e1_1.email,
        e1_1.nombre,
        e1_1.num_telefono,
        e1_1.password,
        e1_0.dni,
        e1_0.fk_id_supervisor,
        e1_0.fk_tutor_externo,
        e1_0.legajo,
        p1_0.fk_cuit_entidad,
        p1_0.titulo,
        a1_0.nombre,
        p1_0.descripcion,
        e2_0.cuit,
        e2_0.email,
        e2_0.nombre,
        e2_0.tipo,
        e2_0.ubicacion,
        p1_0.estado,
        e3_0.id,
        e3_1.apellido,
        e3_1.email,
        e3_1.nombre,
        e3_1.num_telefono,
        e3_1.password,
        e3_0.dni,
        e3_0.fk_id_supervisor,
        e3_0.fk_tutor_externo,
        e3_0.legajo,
        e3_0.fk_cuit_entidad,
        e3_0.fk_titulo_proyecto,
        pdt1_0.numero,
        pdt1_0.proyecto_id_cuit,
        pdt1_0.proyecto_id_titulo,
        pdt1_0.fecha_fin,
        pdt1_0.fecha_inicio,
        p1_0.progreso,
        te1_0.id,
        te1_1.apellido,
        te1_1.email,
        te1_1.nombre,
        te1_1.num_telefono,
        te1_1.password,
        tu1_0.id,
        tu1_0.tipo_usuario,
        tu1_0.apellido,
        tu1_0.email,
        tu1_0.nombre,
        tu1_0.num_telefono,
        tu1_0.password,
        e4_0.cuit,
        e4_0.email,
        e4_0.nombre,
        e4_0.tipo,
        e4_0.ubicacion,
        tu1_2.legajo,
        tu1_3.dni,
        tu1_3.fk_id_supervisor,
        tu1_3.fk_tutor_externo,
        tu1_3.legajo,
        tu1_3.fk_cuit_entidad,
        tu1_3.fk_titulo_proyecto 
    from
        estudiante e1_0 
    join
        usuario e1_1 
            on e1_0.id=e1_1.id 
    left join
        proyecto p1_0 
            on p1_0.fk_cuit_entidad=e1_0.fk_cuit_entidad 
            and p1_0.titulo=e1_0.fk_titulo_proyecto 
    left join
        area a1_0 
            on a1_0.nombre=p1_0.fk_nombre_area 
    left join
        entidad e2_0 
            on e2_0.cuit=p1_0.fk_cuit_entidad 
    left join
        estudiante e3_0 
            on e3_0.id=p1_0.estudiante_id 
    left join
        usuario e3_1 
            on e3_0.id=e3_1.id 
    left join
        plan_de_trabajo pdt1_0 
            on p1_0.fk_cuit_entidad=pdt1_0.proyecto_id_cuit 
            and p1_0.titulo=pdt1_0.proyecto_id_titulo 
    left join
        tutor_externo te1_0 
            on te1_0.id=p1_0.tutor_externo_id 
    left join
        usuario te1_1 
            on te1_0.id=te1_1.id 
    left join
        usuario tu1_0 
            on tu1_0.id=p1_0.tutor_unrn_id 
    left join
        admin_entidad tu1_1 
            on tu1_0.id=tu1_1.id 
    left join
        docente_supervisor tu1_2 
            on tu1_0.id=tu1_2.id 
    left join
        estudiante tu1_3 
            on tu1_0.id=tu1_3.id 
    left join
        entidad e4_0 
            on e4_0.cuit=tu1_1.cuit_entidad 
    where
        e1_0.id=?
Hibernate: 
    select
        e1_0.id,
        e1_1.apellido,
        e1_1.email,
        e1_1.nombre,
        e1_1.num_telefono,
        e1_1.password,
        e1_0.dni,
        e1_0.fk_id_supervisor,
        e1_0.fk_tutor_externo,
        e1_0.legajo,
        p1_0.fk_cuit_entidad,
        p1_0.titulo,
        a1_0.nombre,
        p1_0.descripcion,
        e2_0.cuit,
        e2_0.email,
        e2_0.nombre,
        e2_0.tipo,
        e2_0.ubicacion,
        p1_0.estado,
        e3_0.id,
        e3_1.apellido,
        e3_1.email,
        e3_1.nombre,
        e3_1.num_telefono,
        e3_1.password,
        e3_0.dni,
        e3_0.fk_id_supervisor,
        e3_0.fk_tutor_externo,
        e3_0.legajo,
        e3_0.fk_cuit_entidad,
        e3_0.fk_titulo_proyecto,
        pdt1_0.numero,
        pdt1_0.proyecto_id_cuit,
        pdt1_0.proyecto_id_titulo,
        pdt1_0.fecha_fin,
        pdt1_0.fecha_inicio,
        p1_0.progreso,
        te1_0.id,
        te1_1.apellido,
        te1_1.email,
        te1_1.nombre,
        te1_1.num_telefono,
        te1_1.password,
        tu1_0.id,
        tu1_0.tipo_usuario,
        tu1_0.apellido,
        tu1_0.email,
        tu1_0.nombre,
        tu1_0.num_telefono,
        tu1_0.password,
        e4_0.cuit,
        e4_0.email,
        e4_0.nombre,
        e4_0.tipo,
        e4_0.ubicacion,
        tu1_2.legajo,
        tu1_3.dni,
        tu1_3.fk_id_supervisor,
        tu1_3.fk_tutor_externo,
        tu1_3.legajo,
        tu1_3.fk_cuit_entidad,
        tu1_3.fk_titulo_proyecto 
    from
        estudiante e1_0 
    join
        usuario e1_1 
            on e1_0.id=e1_1.id 
    left join
        proyecto p1_0 
            on p1_0.fk_cuit_entidad=e1_0.fk_cuit_entidad 
            and p1_0.titulo=e1_0.fk_titulo_proyecto 
    left join
        area a1_0 
            on a1_0.nombre=p1_0.fk_nombre_area 
    left join
        entidad e2_0 
            on e2_0.cuit=p1_0.fk_cuit_entidad 
    left join
        estudiante e3_0 
            on e3_0.id=p1_0.estudiante_id 
    left join
        usuario e3_1 
            on e3_0.id=e3_1.id 
    left join
        plan_de_trabajo pdt1_0 
            on p1_0.fk_cuit_entidad=pdt1_0.proyecto_id_cuit 
            and p1_0.titulo=pdt1_0.proyecto_id_titulo 
    left join
        tutor_externo te1_0 
            on te1_0.id=p1_0.tutor_externo_id 
    left join
        usuario te1_1 
            on te1_0.id=te1_1.id 
    left join
        usuario tu1_0 
            on tu1_0.id=p1_0.tutor_unrn_id 
    left join
        admin_entidad tu1_1 
            on tu1_0.id=tu1_1.id 
    left join
        docente_supervisor tu1_2 
            on tu1_0.id=tu1_2.id 
    left join
        estudiante tu1_3 
            on tu1_0.id=tu1_3.id 
    left join
        entidad e4_0 
            on e4_0.cuit=tu1_1.cuit_entidad 
    where
        e1_0.id=?
2025-06-06T04:26:16.869-03:00 DEBUG 38624 --- [           main] org.hibernate.SQL                        : 
    insert 
    into
        informe
        (fk_numero_actividad, plan_numero, plan_proyecto_cuit, plan_proyecto_titulo, fecha, ruta, titulo, fk_id_estudiante, numero) 
    values
        (?, ?, ?, ?, ?, ?, ?, ?, ?)
Hibernate: 
    insert 
    into
        informe
        (fk_numero_actividad, plan_numero, plan_proyecto_cuit, plan_proyecto_titulo, fecha, ruta, titulo, fk_id_estudiante, numero) 
    values
        (?, ?, ?, ?, ?, ?, ?, ?, ?)
Base de datos inicializada con éxito
Proyecto creado: Sistema de Gestión de Ventas
2025-06-06T04:26:16.874-03:00 DEBUG 38624 --- [           main] org.hibernate.SQL                        : 
    select
        count(*) 
    from
        actividades a1_0
Hibernate: 
    select
        count(*) 
    from
        actividades a1_0
Actividades creadas: 1
2025-06-06T04:26:16.879-03:00 DEBUG 38624 --- [           main] org.hibernate.SQL                        : 
    select
        count(*) 
    from
        informe i1_0
Hibernate: 
    select
        count(*) 
    from
        informe i1_0
Informes creados: 1
2025-06-06T04:26:16.945-03:00  WARN 38624 --- [           main] JpaBaseConfiguration$JpaWebConfiguration : spring.jpa.open-in-view is enabled by default. Therefore, database queries may be performed during view rendering. Explicitly configure spring.jpa.open-in-view to disable this warning
2025-06-06T04:26:16.979-03:00  INFO 38624 --- [           main] r$InitializeUserDetailsManagerConfigurer : Global AuthenticationManager configured with UserDetailsService bean with name customUserDetailsService
2025-06-06T04:26:17.216-03:00 DEBUG 38624 --- [           main] s.w.s.m.m.a.RequestMappingHandlerMapping : 30 mappings in 'requestMappingHandlerMapping'
2025-06-06T04:26:17.356-03:00 DEBUG 38624 --- [           main] o.s.w.s.handler.SimpleUrlHandlerMapping  : Patterns [/webjars/**, /css/**] in 'resourceHandlerMapping'
2025-06-06T04:26:17.708-03:00 DEBUG 38624 --- [           main] s.w.s.m.m.a.RequestMappingHandlerAdapter : ControllerAdvice beans: 0 @ModelAttribute, 0 @InitBinder, 1 RequestBodyAdvice, 1 ResponseBodyAdvice
2025-06-06T04:26:17.826-03:00 DEBUG 38624 --- [           main] .m.m.a.ExceptionHandlerExceptionResolver : ControllerAdvice beans: 0 @ExceptionHandler, 1 ResponseBodyAdvice
2025-06-06T04:26:17.941-03:00  INFO 38624 --- [           main] ing.gpps.main.DemoApplicationTests       : Started DemoApplicationTests in 7.644 seconds (process running for 9.269)
Los beans de la aplicación son:316
2025-06-06T04:26:17.949-03:00 DEBUG 38624 --- [           main] org.hibernate.SQL                        : 
    select
        count(*) 
    from
        usuario u1_0
Hibernate: 
    select
        count(*) 
    from
        usuario u1_0
La aplicación ha iniciado correctamente.6
2025-06-06T04:26:17.951-03:00 DEBUG 38624 --- [           main] org.hibernate.SQL                        : 
    select
        count(*) 
    from
        usuario u1_0
Hibernate: 
    select
        count(*) 
    from
        usuario u1_0
La base de datos ya contiene datos
-------------------
]]></system-out>
    <system-err><![CDATA[Mockito is currently self-attaching to enable the inline-mock-maker. This will no longer work in future releases of the JDK. Please add Mockito as an agent to your build what is described in Mockito's documentation: https://javadoc.io/doc/org.mockito/mockito-core/latest/org/mockito/Mockito.html#0.3
WARNING: A Java agent has been loaded dynamically (C:\Users\porre\.m2\repository\net\bytebuddy\byte-buddy-agent\1.15.11\byte-buddy-agent-1.15.11.jar)
WARNING: If a serviceability tool is in use, please run with -XX:+EnableDynamicAgentLoading to hide this warning
WARNING: If a serviceability tool is not in use, please run with -Djdk.instrument.traceUsage for more information
WARNING: Dynamic loading of agents will be disallowed by default in a future release
]]></system-err>
  </testcase>
</testsuite>